ARM GAS  C:\Users\LENOVO\AppData\Local\Temp\ccR2rxry.s 			page 1


   1              		.cpu cortex-m4
   2              		.arch armv7e-m
   3              		.fpu fpv4-sp-d16
   4              		.eabi_attribute 27, 1
   5              		.eabi_attribute 28, 1
   6              		.eabi_attribute 20, 1
   7              		.eabi_attribute 21, 1
   8              		.eabi_attribute 23, 3
   9              		.eabi_attribute 24, 1
  10              		.eabi_attribute 25, 1
  11              		.eabi_attribute 26, 1
  12              		.eabi_attribute 30, 1
  13              		.eabi_attribute 34, 1
  14              		.eabi_attribute 18, 4
  15              		.file	"dma.c"
  16              		.text
  17              	.Ltext0:
  18              		.cfi_sections	.debug_frame
  19              		.file 1 "Core/Src/dma.c"
  20              		.section	.text.MX_DMA_Init,"ax",%progbits
  21              		.align	1
  22              		.global	MX_DMA_Init
  23              		.syntax unified
  24              		.thumb
  25              		.thumb_func
  27              	MX_DMA_Init:
  28              	.LFB130:
   1:Core/Src/dma.c **** /**
   2:Core/Src/dma.c ****   ******************************************************************************
   3:Core/Src/dma.c ****   * File Name          : dma.c
   4:Core/Src/dma.c ****   * Description        : This file provides code for the configuration
   5:Core/Src/dma.c ****   *                      of all the requested memory to memory DMA transfers.
   6:Core/Src/dma.c ****   ******************************************************************************
   7:Core/Src/dma.c ****   * @attention
   8:Core/Src/dma.c ****   *
   9:Core/Src/dma.c ****   * <h2><center>&copy; Copyright (c) 2022 STMicroelectronics.
  10:Core/Src/dma.c ****   * All rights reserved.</center></h2>
  11:Core/Src/dma.c ****   *
  12:Core/Src/dma.c ****   * This software component is licensed by ST under Ultimate Liberty license
  13:Core/Src/dma.c ****   * SLA0044, the "License"; You may not use this file except in compliance with
  14:Core/Src/dma.c ****   * the License. You may obtain a copy of the License at:
  15:Core/Src/dma.c ****   *                             www.st.com/SLA0044
  16:Core/Src/dma.c ****   *
  17:Core/Src/dma.c ****   ******************************************************************************
  18:Core/Src/dma.c ****   */
  19:Core/Src/dma.c **** 
  20:Core/Src/dma.c **** /* Includes ------------------------------------------------------------------*/
  21:Core/Src/dma.c **** #include "dma.h"
  22:Core/Src/dma.c **** 
  23:Core/Src/dma.c **** /* USER CODE BEGIN 0 */
  24:Core/Src/dma.c **** 
  25:Core/Src/dma.c **** /* USER CODE END 0 */
  26:Core/Src/dma.c **** 
  27:Core/Src/dma.c **** /*----------------------------------------------------------------------------*/
  28:Core/Src/dma.c **** /* Configure DMA                                                              */
  29:Core/Src/dma.c **** /*----------------------------------------------------------------------------*/
  30:Core/Src/dma.c **** 
ARM GAS  C:\Users\LENOVO\AppData\Local\Temp\ccR2rxry.s 			page 2


  31:Core/Src/dma.c **** /* USER CODE BEGIN 1 */
  32:Core/Src/dma.c **** 
  33:Core/Src/dma.c **** /* USER CODE END 1 */
  34:Core/Src/dma.c **** 
  35:Core/Src/dma.c **** /**
  36:Core/Src/dma.c ****   * Enable DMA controller clock
  37:Core/Src/dma.c ****   */
  38:Core/Src/dma.c **** void MX_DMA_Init(void)
  39:Core/Src/dma.c **** {
  29              		.loc 1 39 1 view -0
  30              		.cfi_startproc
  31              		@ args = 0, pretend = 0, frame = 8
  32              		@ frame_needed = 0, uses_anonymous_args = 0
  33 0000 10B5     		push	{r4, lr}
  34              	.LCFI0:
  35              		.cfi_def_cfa_offset 8
  36              		.cfi_offset 4, -8
  37              		.cfi_offset 14, -4
  38 0002 82B0     		sub	sp, sp, #8
  39              	.LCFI1:
  40              		.cfi_def_cfa_offset 16
  40:Core/Src/dma.c **** 
  41:Core/Src/dma.c ****   /* DMA controller clock enable */
  42:Core/Src/dma.c ****   __HAL_RCC_DMA2_CLK_ENABLE();
  41              		.loc 1 42 3 view .LVU1
  42              	.LBB2:
  43              		.loc 1 42 3 view .LVU2
  44 0004 0024     		movs	r4, #0
  45 0006 0094     		str	r4, [sp]
  46              		.loc 1 42 3 view .LVU3
  47 0008 2A4B     		ldr	r3, .L3
  48 000a 1A6B     		ldr	r2, [r3, #48]
  49 000c 42F48002 		orr	r2, r2, #4194304
  50 0010 1A63     		str	r2, [r3, #48]
  51              		.loc 1 42 3 view .LVU4
  52 0012 1A6B     		ldr	r2, [r3, #48]
  53 0014 02F48002 		and	r2, r2, #4194304
  54 0018 0092     		str	r2, [sp]
  55              		.loc 1 42 3 view .LVU5
  56 001a 009A     		ldr	r2, [sp]
  57              	.LBE2:
  58              		.loc 1 42 3 view .LVU6
  43:Core/Src/dma.c ****   __HAL_RCC_DMA1_CLK_ENABLE();
  59              		.loc 1 43 3 view .LVU7
  60              	.LBB3:
  61              		.loc 1 43 3 view .LVU8
  62 001c 0194     		str	r4, [sp, #4]
  63              		.loc 1 43 3 view .LVU9
  64 001e 1A6B     		ldr	r2, [r3, #48]
  65 0020 42F40012 		orr	r2, r2, #2097152
  66 0024 1A63     		str	r2, [r3, #48]
  67              		.loc 1 43 3 view .LVU10
  68 0026 1B6B     		ldr	r3, [r3, #48]
  69 0028 03F40013 		and	r3, r3, #2097152
  70 002c 0193     		str	r3, [sp, #4]
  71              		.loc 1 43 3 view .LVU11
  72 002e 019B     		ldr	r3, [sp, #4]
ARM GAS  C:\Users\LENOVO\AppData\Local\Temp\ccR2rxry.s 			page 3


  73              	.LBE3:
  74              		.loc 1 43 3 view .LVU12
  44:Core/Src/dma.c **** 
  45:Core/Src/dma.c ****   /* DMA interrupt init */
  46:Core/Src/dma.c ****   /* DMA1_Stream1_IRQn interrupt configuration */
  47:Core/Src/dma.c ****   HAL_NVIC_SetPriority(DMA1_Stream1_IRQn, 5, 0);
  75              		.loc 1 47 3 view .LVU13
  76 0030 2246     		mov	r2, r4
  77 0032 0521     		movs	r1, #5
  78 0034 0C20     		movs	r0, #12
  79 0036 FFF7FEFF 		bl	HAL_NVIC_SetPriority
  80              	.LVL0:
  48:Core/Src/dma.c ****   HAL_NVIC_EnableIRQ(DMA1_Stream1_IRQn);
  81              		.loc 1 48 3 view .LVU14
  82 003a 0C20     		movs	r0, #12
  83 003c FFF7FEFF 		bl	HAL_NVIC_EnableIRQ
  84              	.LVL1:
  49:Core/Src/dma.c ****   /* DMA1_Stream7_IRQn interrupt configuration */
  50:Core/Src/dma.c ****   HAL_NVIC_SetPriority(DMA1_Stream7_IRQn, 5, 0);
  85              		.loc 1 50 3 view .LVU15
  86 0040 2246     		mov	r2, r4
  87 0042 0521     		movs	r1, #5
  88 0044 2F20     		movs	r0, #47
  89 0046 FFF7FEFF 		bl	HAL_NVIC_SetPriority
  90              	.LVL2:
  51:Core/Src/dma.c ****   HAL_NVIC_EnableIRQ(DMA1_Stream7_IRQn);
  91              		.loc 1 51 3 view .LVU16
  92 004a 2F20     		movs	r0, #47
  93 004c FFF7FEFF 		bl	HAL_NVIC_EnableIRQ
  94              	.LVL3:
  52:Core/Src/dma.c ****   /* DMA2_Stream1_IRQn interrupt configuration */
  53:Core/Src/dma.c ****   HAL_NVIC_SetPriority(DMA2_Stream1_IRQn, 0, 0);
  95              		.loc 1 53 3 view .LVU17
  96 0050 2246     		mov	r2, r4
  97 0052 2146     		mov	r1, r4
  98 0054 3920     		movs	r0, #57
  99 0056 FFF7FEFF 		bl	HAL_NVIC_SetPriority
 100              	.LVL4:
  54:Core/Src/dma.c ****   HAL_NVIC_EnableIRQ(DMA2_Stream1_IRQn);
 101              		.loc 1 54 3 view .LVU18
 102 005a 3920     		movs	r0, #57
 103 005c FFF7FEFF 		bl	HAL_NVIC_EnableIRQ
 104              	.LVL5:
  55:Core/Src/dma.c ****   /* DMA2_Stream2_IRQn interrupt configuration */
  56:Core/Src/dma.c ****   HAL_NVIC_SetPriority(DMA2_Stream2_IRQn, 5, 0);
 105              		.loc 1 56 3 view .LVU19
 106 0060 2246     		mov	r2, r4
 107 0062 0521     		movs	r1, #5
 108 0064 3A20     		movs	r0, #58
 109 0066 FFF7FEFF 		bl	HAL_NVIC_SetPriority
 110              	.LVL6:
  57:Core/Src/dma.c ****   HAL_NVIC_EnableIRQ(DMA2_Stream2_IRQn);
 111              		.loc 1 57 3 view .LVU20
 112 006a 3A20     		movs	r0, #58
 113 006c FFF7FEFF 		bl	HAL_NVIC_EnableIRQ
 114              	.LVL7:
  58:Core/Src/dma.c ****   /* DMA2_Stream3_IRQn interrupt configuration */
ARM GAS  C:\Users\LENOVO\AppData\Local\Temp\ccR2rxry.s 			page 4


  59:Core/Src/dma.c ****   HAL_NVIC_SetPriority(DMA2_Stream3_IRQn, 5, 0);
 115              		.loc 1 59 3 view .LVU21
 116 0070 2246     		mov	r2, r4
 117 0072 0521     		movs	r1, #5
 118 0074 3B20     		movs	r0, #59
 119 0076 FFF7FEFF 		bl	HAL_NVIC_SetPriority
 120              	.LVL8:
  60:Core/Src/dma.c ****   HAL_NVIC_EnableIRQ(DMA2_Stream3_IRQn);
 121              		.loc 1 60 3 view .LVU22
 122 007a 3B20     		movs	r0, #59
 123 007c FFF7FEFF 		bl	HAL_NVIC_EnableIRQ
 124              	.LVL9:
  61:Core/Src/dma.c ****   /* DMA2_Stream5_IRQn interrupt configuration */
  62:Core/Src/dma.c ****   HAL_NVIC_SetPriority(DMA2_Stream5_IRQn, 0, 0);
 125              		.loc 1 62 3 view .LVU23
 126 0080 2246     		mov	r2, r4
 127 0082 2146     		mov	r1, r4
 128 0084 4420     		movs	r0, #68
 129 0086 FFF7FEFF 		bl	HAL_NVIC_SetPriority
 130              	.LVL10:
  63:Core/Src/dma.c ****   HAL_NVIC_EnableIRQ(DMA2_Stream5_IRQn);
 131              		.loc 1 63 3 view .LVU24
 132 008a 4420     		movs	r0, #68
 133 008c FFF7FEFF 		bl	HAL_NVIC_EnableIRQ
 134              	.LVL11:
  64:Core/Src/dma.c ****   /* DMA2_Stream6_IRQn interrupt configuration */
  65:Core/Src/dma.c ****   HAL_NVIC_SetPriority(DMA2_Stream6_IRQn, 5, 0);
 135              		.loc 1 65 3 view .LVU25
 136 0090 2246     		mov	r2, r4
 137 0092 0521     		movs	r1, #5
 138 0094 4520     		movs	r0, #69
 139 0096 FFF7FEFF 		bl	HAL_NVIC_SetPriority
 140              	.LVL12:
  66:Core/Src/dma.c ****   HAL_NVIC_EnableIRQ(DMA2_Stream6_IRQn);
 141              		.loc 1 66 3 view .LVU26
 142 009a 4520     		movs	r0, #69
 143 009c FFF7FEFF 		bl	HAL_NVIC_EnableIRQ
 144              	.LVL13:
  67:Core/Src/dma.c ****   /* DMA2_Stream7_IRQn interrupt configuration */
  68:Core/Src/dma.c ****   HAL_NVIC_SetPriority(DMA2_Stream7_IRQn, 5, 0);
 145              		.loc 1 68 3 view .LVU27
 146 00a0 2246     		mov	r2, r4
 147 00a2 0521     		movs	r1, #5
 148 00a4 4620     		movs	r0, #70
 149 00a6 FFF7FEFF 		bl	HAL_NVIC_SetPriority
 150              	.LVL14:
  69:Core/Src/dma.c ****   HAL_NVIC_EnableIRQ(DMA2_Stream7_IRQn);
 151              		.loc 1 69 3 view .LVU28
 152 00aa 4620     		movs	r0, #70
 153 00ac FFF7FEFF 		bl	HAL_NVIC_EnableIRQ
 154              	.LVL15:
  70:Core/Src/dma.c **** 
  71:Core/Src/dma.c **** }
 155              		.loc 1 71 1 is_stmt 0 view .LVU29
 156 00b0 02B0     		add	sp, sp, #8
 157              	.LCFI2:
 158              		.cfi_def_cfa_offset 8
ARM GAS  C:\Users\LENOVO\AppData\Local\Temp\ccR2rxry.s 			page 5


 159              		@ sp needed
 160 00b2 10BD     		pop	{r4, pc}
 161              	.L4:
 162              		.align	2
 163              	.L3:
 164 00b4 00380240 		.word	1073887232
 165              		.cfi_endproc
 166              	.LFE130:
 168              		.text
 169              	.Letext0:
 170              		.file 2 "Drivers/CMSIS/Device/ST/STM32F4xx/Include/stm32f407xx.h"
 171              		.file 3 "C:/msys64/mingw64/arm-none-eabi/include/machine/_default_types.h"
 172              		.file 4 "C:/msys64/mingw64/arm-none-eabi/include/sys/_stdint.h"
 173              		.file 5 "Drivers/STM32F4xx_HAL_Driver/Inc/stm32f4xx_hal_cortex.h"
ARM GAS  C:\Users\LENOVO\AppData\Local\Temp\ccR2rxry.s 			page 6


DEFINED SYMBOLS
                            *ABS*:00000000 dma.c
C:\Users\LENOVO\AppData\Local\Temp\ccR2rxry.s:21     .text.MX_DMA_Init:00000000 $t
C:\Users\LENOVO\AppData\Local\Temp\ccR2rxry.s:27     .text.MX_DMA_Init:00000000 MX_DMA_Init
C:\Users\LENOVO\AppData\Local\Temp\ccR2rxry.s:164    .text.MX_DMA_Init:000000b4 $d

UNDEFINED SYMBOLS
HAL_NVIC_SetPriority
HAL_NVIC_EnableIRQ
