ARM GAS  C:\Users\LENOVO\AppData\Local\Temp\ccMzsIU6.s 			page 1


   1              		.cpu cortex-m4
   2              		.arch armv7e-m
   3              		.fpu fpv4-sp-d16
   4              		.eabi_attribute 27, 1
   5              		.eabi_attribute 28, 1
   6              		.eabi_attribute 20, 1
   7              		.eabi_attribute 21, 1
   8              		.eabi_attribute 23, 3
   9              		.eabi_attribute 24, 1
  10              		.eabi_attribute 25, 1
  11              		.eabi_attribute 26, 1
  12              		.eabi_attribute 30, 1
  13              		.eabi_attribute 34, 1
  14              		.eabi_attribute 18, 4
  15              		.file	"filter32.c"
  16              		.text
  17              	.Ltext0:
  18              		.cfi_sections	.debug_frame
  19              		.file 1 "Middlewares/Filter/FirstOrderFilter/filter32.c"
  20              		.section	.text.First_Order_Filter_Init,"ax",%progbits
  21              		.align	1
  22              		.global	First_Order_Filter_Init
  23              		.syntax unified
  24              		.thumb
  25              		.thumb_func
  27              	First_Order_Filter_Init:
  28              	.LVL0:
  29              	.LFB0:
   1:Middlewares/Filter/FirstOrderFilter/filter32.c **** /**
   2:Middlewares/Filter/FirstOrderFilter/filter32.c ****  ******************************************************************************
   3:Middlewares/Filter/FirstOrderFilter/filter32.c ****  * @file    filter32.c
   4:Middlewares/Filter/FirstOrderFilter/filter32.c ****  * @author  Wang Hongxi
   5:Middlewares/Filter/FirstOrderFilter/filter32.c ****  * @brief   First-order low-pass filter implementation (minimal)
   6:Middlewares/Filter/FirstOrderFilter/filter32.c ****  ******************************************************************************
   7:Middlewares/Filter/FirstOrderFilter/filter32.c ****  */
   8:Middlewares/Filter/FirstOrderFilter/filter32.c **** #include "filter32.h"
   9:Middlewares/Filter/FirstOrderFilter/filter32.c **** 
  10:Middlewares/Filter/FirstOrderFilter/filter32.c **** void First_Order_Filter_Init(First_Order_Filter_t *filter, float RC, float dt)
  11:Middlewares/Filter/FirstOrderFilter/filter32.c **** {
  30              		.loc 1 11 1 view -0
  31              		.cfi_startproc
  32              		@ args = 0, pretend = 0, frame = 0
  33              		@ frame_needed = 0, uses_anonymous_args = 0
  34              		@ link register save eliminated.
  12:Middlewares/Filter/FirstOrderFilter/filter32.c ****     filter->RC = RC;
  35              		.loc 1 12 5 view .LVU1
  36              		.loc 1 12 16 is_stmt 0 view .LVU2
  37 0000 80ED040A 		vstr.32	s0, [r0, #16]
  13:Middlewares/Filter/FirstOrderFilter/filter32.c ****     filter->K_RC = dt / (RC + dt);
  38              		.loc 1 13 5 is_stmt 1 view .LVU3
  39              		.loc 1 13 29 is_stmt 0 view .LVU4
  40 0004 30EE200A 		vadd.f32	s0, s0, s1
  41              	.LVL1:
  42              		.loc 1 13 23 view .LVU5
  43 0008 80EE807A 		vdiv.f32	s14, s1, s0
  44              		.loc 1 13 18 view .LVU6
  45 000c 80ED057A 		vstr.32	s14, [r0, #20]
ARM GAS  C:\Users\LENOVO\AppData\Local\Temp\ccMzsIU6.s 			page 2


  14:Middlewares/Filter/FirstOrderFilter/filter32.c ****     filter->alpha = 1.0f - filter->K_RC;
  46              		.loc 1 14 5 is_stmt 1 view .LVU7
  47              		.loc 1 14 26 is_stmt 0 view .LVU8
  48 0010 F7EE007A 		vmov.f32	s15, #1.0e+0
  49 0014 77EEC77A 		vsub.f32	s15, s15, s14
  50              		.loc 1 14 19 view .LVU9
  51 0018 C0ED067A 		vstr.32	s15, [r0, #24]
  15:Middlewares/Filter/FirstOrderFilter/filter32.c ****     filter->Input = 0;
  52              		.loc 1 15 5 is_stmt 1 view .LVU10
  53              		.loc 1 15 19 is_stmt 0 view .LVU11
  54 001c 0023     		movs	r3, #0
  55 001e 0360     		str	r3, [r0]	@ float
  16:Middlewares/Filter/FirstOrderFilter/filter32.c ****     filter->Last_Input = 0;
  56              		.loc 1 16 5 is_stmt 1 view .LVU12
  57              		.loc 1 16 24 is_stmt 0 view .LVU13
  58 0020 4360     		str	r3, [r0, #4]	@ float
  17:Middlewares/Filter/FirstOrderFilter/filter32.c ****     filter->Output = 0;
  59              		.loc 1 17 5 is_stmt 1 view .LVU14
  60              		.loc 1 17 20 is_stmt 0 view .LVU15
  61 0022 8360     		str	r3, [r0, #8]	@ float
  18:Middlewares/Filter/FirstOrderFilter/filter32.c ****     filter->Last_Output = 0;
  62              		.loc 1 18 5 is_stmt 1 view .LVU16
  63              		.loc 1 18 25 is_stmt 0 view .LVU17
  64 0024 C360     		str	r3, [r0, #12]	@ float
  19:Middlewares/Filter/FirstOrderFilter/filter32.c **** }
  65              		.loc 1 19 1 view .LVU18
  66 0026 7047     		bx	lr
  67              		.cfi_endproc
  68              	.LFE0:
  70              		.section	.text.First_Order_Filter_Calculate,"ax",%progbits
  71              		.align	1
  72              		.global	First_Order_Filter_Calculate
  73              		.syntax unified
  74              		.thumb
  75              		.thumb_func
  77              	First_Order_Filter_Calculate:
  78              	.LVL2:
  79              	.LFB1:
  20:Middlewares/Filter/FirstOrderFilter/filter32.c **** 
  21:Middlewares/Filter/FirstOrderFilter/filter32.c **** float First_Order_Filter_Calculate(First_Order_Filter_t *filter, float input, float dt)
  22:Middlewares/Filter/FirstOrderFilter/filter32.c **** {
  80              		.loc 1 22 1 is_stmt 1 view -0
  81              		.cfi_startproc
  82              		@ args = 0, pretend = 0, frame = 0
  83              		@ frame_needed = 0, uses_anonymous_args = 0
  84              		@ link register save eliminated.
  23:Middlewares/Filter/FirstOrderFilter/filter32.c ****     filter->K_RC = dt / (filter->RC + dt);
  85              		.loc 1 23 5 view .LVU20
  86              		.loc 1 23 32 is_stmt 0 view .LVU21
  87 0000 D0ED047A 		vldr.32	s15, [r0, #16]
  88              		.loc 1 23 37 view .LVU22
  89 0004 77EEA07A 		vadd.f32	s15, s15, s1
  90              		.loc 1 23 23 view .LVU23
  91 0008 80EEA77A 		vdiv.f32	s14, s1, s15
  92              		.loc 1 23 18 view .LVU24
  93 000c 80ED057A 		vstr.32	s14, [r0, #20]
  24:Middlewares/Filter/FirstOrderFilter/filter32.c ****     filter->alpha = 1.0f - filter->K_RC;
ARM GAS  C:\Users\LENOVO\AppData\Local\Temp\ccMzsIU6.s 			page 3


  94              		.loc 1 24 5 is_stmt 1 view .LVU25
  95              		.loc 1 24 26 is_stmt 0 view .LVU26
  96 0010 F7EE007A 		vmov.f32	s15, #1.0e+0
  97 0014 77EEC77A 		vsub.f32	s15, s15, s14
  98              		.loc 1 24 19 view .LVU27
  99 0018 C0ED067A 		vstr.32	s15, [r0, #24]
  25:Middlewares/Filter/FirstOrderFilter/filter32.c ****     filter->Last_Input = filter->Input;
 100              		.loc 1 25 5 is_stmt 1 view .LVU28
 101              		.loc 1 25 32 is_stmt 0 view .LVU29
 102 001c 0368     		ldr	r3, [r0]	@ float
 103              		.loc 1 25 24 view .LVU30
 104 001e 4360     		str	r3, [r0, #4]	@ float
  26:Middlewares/Filter/FirstOrderFilter/filter32.c ****     filter->Input = input;
 105              		.loc 1 26 5 is_stmt 1 view .LVU31
 106              		.loc 1 26 19 is_stmt 0 view .LVU32
 107 0020 80ED000A 		vstr.32	s0, [r0]
  27:Middlewares/Filter/FirstOrderFilter/filter32.c ****     filter->Last_Output = filter->Output;
 108              		.loc 1 27 5 is_stmt 1 view .LVU33
 109              		.loc 1 27 33 is_stmt 0 view .LVU34
 110 0024 D0ED026A 		vldr.32	s13, [r0, #8]
 111              		.loc 1 27 25 view .LVU35
 112 0028 C0ED036A 		vstr.32	s13, [r0, #12]
  28:Middlewares/Filter/FirstOrderFilter/filter32.c ****     filter->Output = filter->Last_Output * filter->alpha + filter->Input * filter->K_RC;
 113              		.loc 1 28 5 is_stmt 1 view .LVU36
 114              		.loc 1 28 42 is_stmt 0 view .LVU37
 115 002c 67EEA67A 		vmul.f32	s15, s15, s13
 116              		.loc 1 28 74 view .LVU38
 117 0030 27EE007A 		vmul.f32	s14, s14, s0
 118              		.loc 1 28 58 view .LVU39
 119 0034 37EE870A 		vadd.f32	s0, s15, s14
 120              	.LVL3:
 121              		.loc 1 28 20 view .LVU40
 122 0038 80ED020A 		vstr.32	s0, [r0, #8]
  29:Middlewares/Filter/FirstOrderFilter/filter32.c ****     return filter->Output;
 123              		.loc 1 29 5 is_stmt 1 view .LVU41
  30:Middlewares/Filter/FirstOrderFilter/filter32.c **** }
 124              		.loc 1 30 1 is_stmt 0 view .LVU42
 125 003c 7047     		bx	lr
 126              		.cfi_endproc
 127              	.LFE1:
 129              		.text
 130              	.Letext0:
 131              		.file 2 "Middlewares/Filter/FirstOrderFilter/filter32.h"
ARM GAS  C:\Users\LENOVO\AppData\Local\Temp\ccMzsIU6.s 			page 4


DEFINED SYMBOLS
                            *ABS*:00000000 filter32.c
C:\Users\LENOVO\AppData\Local\Temp\ccMzsIU6.s:21     .text.First_Order_Filter_Init:00000000 $t
C:\Users\LENOVO\AppData\Local\Temp\ccMzsIU6.s:27     .text.First_Order_Filter_Init:00000000 First_Order_Filter_Init
C:\Users\LENOVO\AppData\Local\Temp\ccMzsIU6.s:71     .text.First_Order_Filter_Calculate:00000000 $t
C:\Users\LENOVO\AppData\Local\Temp\ccMzsIU6.s:77     .text.First_Order_Filter_Calculate:00000000 First_Order_Filter_Calculate

NO UNDEFINED SYMBOLS
