ARM GAS  C:\Users\LENOVO\AppData\Local\Temp\ccPEkVk7.s 			page 1


   1              		.cpu cortex-m4
   2              		.arch armv7e-m
   3              		.fpu fpv4-sp-d16
   4              		.eabi_attribute 27, 1
   5              		.eabi_attribute 28, 1
   6              		.eabi_attribute 20, 1
   7              		.eabi_attribute 21, 1
   8              		.eabi_attribute 23, 3
   9              		.eabi_attribute 24, 1
  10              		.eabi_attribute 25, 1
  11              		.eabi_attribute 26, 1
  12              		.eabi_attribute 30, 1
  13              		.eabi_attribute 34, 1
  14              		.eabi_attribute 18, 4
  15              		.file	"gpio.c"
  16              		.text
  17              	.Ltext0:
  18              		.cfi_sections	.debug_frame
  19              		.file 1 "Core/Src/gpio.c"
  20              		.section	.text.MX_GPIO_Init,"ax",%progbits
  21              		.align	1
  22              		.global	MX_GPIO_Init
  23              		.syntax unified
  24              		.thumb
  25              		.thumb_func
  27              	MX_GPIO_Init:
  28              	.LFB130:
   1:Core/Src/gpio.c **** /**
   2:Core/Src/gpio.c ****   ******************************************************************************
   3:Core/Src/gpio.c ****   * File Name          : gpio.c
   4:Core/Src/gpio.c ****   * Description        : This file provides code for the configuration
   5:Core/Src/gpio.c ****   *                      of all used GPIO pins.
   6:Core/Src/gpio.c ****   ******************************************************************************
   7:Core/Src/gpio.c ****   * @attention
   8:Core/Src/gpio.c ****   *
   9:Core/Src/gpio.c ****   * <h2><center>&copy; Copyright (c) 2022 STMicroelectronics.
  10:Core/Src/gpio.c ****   * All rights reserved.</center></h2>
  11:Core/Src/gpio.c ****   *
  12:Core/Src/gpio.c ****   * This software component is licensed by ST under Ultimate Liberty license
  13:Core/Src/gpio.c ****   * SLA0044, the "License"; You may not use this file except in compliance with
  14:Core/Src/gpio.c ****   * the License. You may obtain a copy of the License at:
  15:Core/Src/gpio.c ****   *                             www.st.com/SLA0044
  16:Core/Src/gpio.c ****   *
  17:Core/Src/gpio.c ****   ******************************************************************************
  18:Core/Src/gpio.c ****   */
  19:Core/Src/gpio.c **** 
  20:Core/Src/gpio.c **** /* Includes ------------------------------------------------------------------*/
  21:Core/Src/gpio.c **** #include "gpio.h"
  22:Core/Src/gpio.c **** /* USER CODE BEGIN 0 */
  23:Core/Src/gpio.c **** 
  24:Core/Src/gpio.c **** /* USER CODE END 0 */
  25:Core/Src/gpio.c **** 
  26:Core/Src/gpio.c **** /*----------------------------------------------------------------------------*/
  27:Core/Src/gpio.c **** /* Configure GPIO                                                             */
  28:Core/Src/gpio.c **** /*----------------------------------------------------------------------------*/
  29:Core/Src/gpio.c **** /* USER CODE BEGIN 1 */
  30:Core/Src/gpio.c **** 
ARM GAS  C:\Users\LENOVO\AppData\Local\Temp\ccPEkVk7.s 			page 2


  31:Core/Src/gpio.c **** /* USER CODE END 1 */
  32:Core/Src/gpio.c **** 
  33:Core/Src/gpio.c **** /** Configure pins as
  34:Core/Src/gpio.c ****         * Analog
  35:Core/Src/gpio.c ****         * Input
  36:Core/Src/gpio.c ****         * Output
  37:Core/Src/gpio.c ****         * EVENT_OUT
  38:Core/Src/gpio.c ****         * EXTI
  39:Core/Src/gpio.c **** */
  40:Core/Src/gpio.c **** void MX_GPIO_Init(void)
  41:Core/Src/gpio.c **** {
  29              		.loc 1 41 1 view -0
  30              		.cfi_startproc
  31              		@ args = 0, pretend = 0, frame = 56
  32              		@ frame_needed = 0, uses_anonymous_args = 0
  33 0000 2DE9F047 		push	{r4, r5, r6, r7, r8, r9, r10, lr}
  34              	.LCFI0:
  35              		.cfi_def_cfa_offset 32
  36              		.cfi_offset 4, -32
  37              		.cfi_offset 5, -28
  38              		.cfi_offset 6, -24
  39              		.cfi_offset 7, -20
  40              		.cfi_offset 8, -16
  41              		.cfi_offset 9, -12
  42              		.cfi_offset 10, -8
  43              		.cfi_offset 14, -4
  44 0004 8EB0     		sub	sp, sp, #56
  45              	.LCFI1:
  46              		.cfi_def_cfa_offset 88
  42:Core/Src/gpio.c **** 
  43:Core/Src/gpio.c ****   GPIO_InitTypeDef GPIO_InitStruct = {0};
  47              		.loc 1 43 3 view .LVU1
  48              		.loc 1 43 20 is_stmt 0 view .LVU2
  49 0006 0024     		movs	r4, #0
  50 0008 0994     		str	r4, [sp, #36]
  51 000a 0A94     		str	r4, [sp, #40]
  52 000c 0B94     		str	r4, [sp, #44]
  53 000e 0C94     		str	r4, [sp, #48]
  54 0010 0D94     		str	r4, [sp, #52]
  44:Core/Src/gpio.c **** 
  45:Core/Src/gpio.c ****   /* GPIO Ports Clock Enable */
  46:Core/Src/gpio.c ****   __HAL_RCC_GPIOB_CLK_ENABLE();
  55              		.loc 1 46 3 is_stmt 1 view .LVU3
  56              	.LBB2:
  57              		.loc 1 46 3 view .LVU4
  58 0012 0094     		str	r4, [sp]
  59              		.loc 1 46 3 view .LVU5
  60 0014 734B     		ldr	r3, .L3
  61 0016 1A6B     		ldr	r2, [r3, #48]
  62 0018 42F00202 		orr	r2, r2, #2
  63 001c 1A63     		str	r2, [r3, #48]
  64              		.loc 1 46 3 view .LVU6
  65 001e 1A6B     		ldr	r2, [r3, #48]
  66 0020 02F00202 		and	r2, r2, #2
  67 0024 0092     		str	r2, [sp]
  68              		.loc 1 46 3 view .LVU7
  69 0026 009A     		ldr	r2, [sp]
ARM GAS  C:\Users\LENOVO\AppData\Local\Temp\ccPEkVk7.s 			page 3


  70              	.LBE2:
  71              		.loc 1 46 3 view .LVU8
  47:Core/Src/gpio.c ****   __HAL_RCC_GPIOG_CLK_ENABLE();
  72              		.loc 1 47 3 view .LVU9
  73              	.LBB3:
  74              		.loc 1 47 3 view .LVU10
  75 0028 0194     		str	r4, [sp, #4]
  76              		.loc 1 47 3 view .LVU11
  77 002a 1A6B     		ldr	r2, [r3, #48]
  78 002c 42F04002 		orr	r2, r2, #64
  79 0030 1A63     		str	r2, [r3, #48]
  80              		.loc 1 47 3 view .LVU12
  81 0032 1A6B     		ldr	r2, [r3, #48]
  82 0034 02F04002 		and	r2, r2, #64
  83 0038 0192     		str	r2, [sp, #4]
  84              		.loc 1 47 3 view .LVU13
  85 003a 019A     		ldr	r2, [sp, #4]
  86              	.LBE3:
  87              		.loc 1 47 3 view .LVU14
  48:Core/Src/gpio.c ****   __HAL_RCC_GPIOA_CLK_ENABLE();
  88              		.loc 1 48 3 view .LVU15
  89              	.LBB4:
  90              		.loc 1 48 3 view .LVU16
  91 003c 0294     		str	r4, [sp, #8]
  92              		.loc 1 48 3 view .LVU17
  93 003e 1A6B     		ldr	r2, [r3, #48]
  94 0040 42F00102 		orr	r2, r2, #1
  95 0044 1A63     		str	r2, [r3, #48]
  96              		.loc 1 48 3 view .LVU18
  97 0046 1A6B     		ldr	r2, [r3, #48]
  98 0048 02F00102 		and	r2, r2, #1
  99 004c 0292     		str	r2, [sp, #8]
 100              		.loc 1 48 3 view .LVU19
 101 004e 029A     		ldr	r2, [sp, #8]
 102              	.LBE4:
 103              		.loc 1 48 3 view .LVU20
  49:Core/Src/gpio.c ****   __HAL_RCC_GPIOD_CLK_ENABLE();
 104              		.loc 1 49 3 view .LVU21
 105              	.LBB5:
 106              		.loc 1 49 3 view .LVU22
 107 0050 0394     		str	r4, [sp, #12]
 108              		.loc 1 49 3 view .LVU23
 109 0052 1A6B     		ldr	r2, [r3, #48]
 110 0054 42F00802 		orr	r2, r2, #8
 111 0058 1A63     		str	r2, [r3, #48]
 112              		.loc 1 49 3 view .LVU24
 113 005a 1A6B     		ldr	r2, [r3, #48]
 114 005c 02F00802 		and	r2, r2, #8
 115 0060 0392     		str	r2, [sp, #12]
 116              		.loc 1 49 3 view .LVU25
 117 0062 039A     		ldr	r2, [sp, #12]
 118              	.LBE5:
 119              		.loc 1 49 3 view .LVU26
  50:Core/Src/gpio.c ****   __HAL_RCC_GPIOC_CLK_ENABLE();
 120              		.loc 1 50 3 view .LVU27
 121              	.LBB6:
 122              		.loc 1 50 3 view .LVU28
ARM GAS  C:\Users\LENOVO\AppData\Local\Temp\ccPEkVk7.s 			page 4


 123 0064 0494     		str	r4, [sp, #16]
 124              		.loc 1 50 3 view .LVU29
 125 0066 1A6B     		ldr	r2, [r3, #48]
 126 0068 42F00402 		orr	r2, r2, #4
 127 006c 1A63     		str	r2, [r3, #48]
 128              		.loc 1 50 3 view .LVU30
 129 006e 1A6B     		ldr	r2, [r3, #48]
 130 0070 02F00402 		and	r2, r2, #4
 131 0074 0492     		str	r2, [sp, #16]
 132              		.loc 1 50 3 view .LVU31
 133 0076 049A     		ldr	r2, [sp, #16]
 134              	.LBE6:
 135              		.loc 1 50 3 view .LVU32
  51:Core/Src/gpio.c ****   __HAL_RCC_GPIOI_CLK_ENABLE();
 136              		.loc 1 51 3 view .LVU33
 137              	.LBB7:
 138              		.loc 1 51 3 view .LVU34
 139 0078 0594     		str	r4, [sp, #20]
 140              		.loc 1 51 3 view .LVU35
 141 007a 1A6B     		ldr	r2, [r3, #48]
 142 007c 42F48072 		orr	r2, r2, #256
 143 0080 1A63     		str	r2, [r3, #48]
 144              		.loc 1 51 3 view .LVU36
 145 0082 1A6B     		ldr	r2, [r3, #48]
 146 0084 02F48072 		and	r2, r2, #256
 147 0088 0592     		str	r2, [sp, #20]
 148              		.loc 1 51 3 view .LVU37
 149 008a 059A     		ldr	r2, [sp, #20]
 150              	.LBE7:
 151              		.loc 1 51 3 view .LVU38
  52:Core/Src/gpio.c ****   __HAL_RCC_GPIOF_CLK_ENABLE();
 152              		.loc 1 52 3 view .LVU39
 153              	.LBB8:
 154              		.loc 1 52 3 view .LVU40
 155 008c 0694     		str	r4, [sp, #24]
 156              		.loc 1 52 3 view .LVU41
 157 008e 1A6B     		ldr	r2, [r3, #48]
 158 0090 42F02002 		orr	r2, r2, #32
 159 0094 1A63     		str	r2, [r3, #48]
 160              		.loc 1 52 3 view .LVU42
 161 0096 1A6B     		ldr	r2, [r3, #48]
 162 0098 02F02002 		and	r2, r2, #32
 163 009c 0692     		str	r2, [sp, #24]
 164              		.loc 1 52 3 view .LVU43
 165 009e 069A     		ldr	r2, [sp, #24]
 166              	.LBE8:
 167              		.loc 1 52 3 view .LVU44
  53:Core/Src/gpio.c ****   __HAL_RCC_GPIOH_CLK_ENABLE();
 168              		.loc 1 53 3 view .LVU45
 169              	.LBB9:
 170              		.loc 1 53 3 view .LVU46
 171 00a0 0794     		str	r4, [sp, #28]
 172              		.loc 1 53 3 view .LVU47
 173 00a2 1A6B     		ldr	r2, [r3, #48]
 174 00a4 42F08002 		orr	r2, r2, #128
 175 00a8 1A63     		str	r2, [r3, #48]
 176              		.loc 1 53 3 view .LVU48
ARM GAS  C:\Users\LENOVO\AppData\Local\Temp\ccPEkVk7.s 			page 5


 177 00aa 1A6B     		ldr	r2, [r3, #48]
 178 00ac 02F08002 		and	r2, r2, #128
 179 00b0 0792     		str	r2, [sp, #28]
 180              		.loc 1 53 3 view .LVU49
 181 00b2 079A     		ldr	r2, [sp, #28]
 182              	.LBE9:
 183              		.loc 1 53 3 view .LVU50
  54:Core/Src/gpio.c ****   __HAL_RCC_GPIOE_CLK_ENABLE();
 184              		.loc 1 54 3 view .LVU51
 185              	.LBB10:
 186              		.loc 1 54 3 view .LVU52
 187 00b4 0894     		str	r4, [sp, #32]
 188              		.loc 1 54 3 view .LVU53
 189 00b6 1A6B     		ldr	r2, [r3, #48]
 190 00b8 42F01002 		orr	r2, r2, #16
 191 00bc 1A63     		str	r2, [r3, #48]
 192              		.loc 1 54 3 view .LVU54
 193 00be 1B6B     		ldr	r3, [r3, #48]
 194 00c0 03F01003 		and	r3, r3, #16
 195 00c4 0893     		str	r3, [sp, #32]
 196              		.loc 1 54 3 view .LVU55
 197 00c6 089B     		ldr	r3, [sp, #32]
 198              	.LBE10:
 199              		.loc 1 54 3 view .LVU56
  55:Core/Src/gpio.c **** 
  56:Core/Src/gpio.c ****   /*Configure GPIO pin Output Level */
  57:Core/Src/gpio.c ****   HAL_GPIO_WritePin(LASER_GPIO_Port, LASER_Pin, GPIO_PIN_RESET);
 200              		.loc 1 57 3 view .LVU57
 201 00c8 474F     		ldr	r7, .L3+4
 202 00ca 2246     		mov	r2, r4
 203 00cc 4FF48071 		mov	r1, #256
 204 00d0 3846     		mov	r0, r7
 205 00d2 FFF7FEFF 		bl	HAL_GPIO_WritePin
 206              	.LVL0:
  58:Core/Src/gpio.c **** 
  59:Core/Src/gpio.c ****   /*Configure GPIO pin Output Level */
  60:Core/Src/gpio.c ****   HAL_GPIO_WritePin(RSTN_IST8310_GPIO_Port, RSTN_IST8310_Pin, GPIO_PIN_SET);
 207              		.loc 1 60 3 view .LVU58
 208 00d6 DFF82091 		ldr	r9, .L3+20
 209 00da 0122     		movs	r2, #1
 210 00dc 4021     		movs	r1, #64
 211 00de 4846     		mov	r0, r9
 212 00e0 FFF7FEFF 		bl	HAL_GPIO_WritePin
 213              	.LVL1:
  61:Core/Src/gpio.c **** 
  62:Core/Src/gpio.c ****   /*Configure GPIO pin Output Level */
  63:Core/Src/gpio.c ****   HAL_GPIO_WritePin(CS1_ACCEL_GPIO_Port, CS1_ACCEL_Pin, GPIO_PIN_SET);
 214              		.loc 1 63 3 view .LVU59
 215 00e4 DFF81481 		ldr	r8, .L3+24
 216 00e8 0122     		movs	r2, #1
 217 00ea 1021     		movs	r1, #16
 218 00ec 4046     		mov	r0, r8
 219 00ee FFF7FEFF 		bl	HAL_GPIO_WritePin
 220              	.LVL2:
  64:Core/Src/gpio.c **** 
  65:Core/Src/gpio.c ****   /*Configure GPIO pin Output Level */
  66:Core/Src/gpio.c ****   HAL_GPIO_WritePin(GPIOB, SPI2_CS_Pin|CS1_GYRO_Pin, GPIO_PIN_SET);
ARM GAS  C:\Users\LENOVO\AppData\Local\Temp\ccPEkVk7.s 			page 6


 221              		.loc 1 66 3 view .LVU60
 222 00f2 3E4E     		ldr	r6, .L3+8
 223 00f4 0122     		movs	r2, #1
 224 00f6 41F20101 		movw	r1, #4097
 225 00fa 3046     		mov	r0, r6
 226 00fc FFF7FEFF 		bl	HAL_GPIO_WritePin
 227              	.LVL3:
  67:Core/Src/gpio.c **** 
  68:Core/Src/gpio.c ****   /*Configure GPIO pins : PIPin PIPin */
  69:Core/Src/gpio.c ****   GPIO_InitStruct.Pin = HALL_SENSOR_PIN2_Pin|HALL_SENSOR_PIN1_Pin;
 228              		.loc 1 69 3 view .LVU61
 229              		.loc 1 69 23 is_stmt 0 view .LVU62
 230 0100 C023     		movs	r3, #192
 231 0102 0993     		str	r3, [sp, #36]
  70:Core/Src/gpio.c ****   GPIO_InitStruct.Mode = GPIO_MODE_IT_RISING;
 232              		.loc 1 70 3 is_stmt 1 view .LVU63
 233              		.loc 1 70 24 is_stmt 0 view .LVU64
 234 0104 3A4B     		ldr	r3, .L3+12
 235 0106 0A93     		str	r3, [sp, #40]
  71:Core/Src/gpio.c ****   GPIO_InitStruct.Pull = GPIO_NOPULL;
 236              		.loc 1 71 3 is_stmt 1 view .LVU65
 237              		.loc 1 71 24 is_stmt 0 view .LVU66
 238 0108 0B94     		str	r4, [sp, #44]
  72:Core/Src/gpio.c ****   HAL_GPIO_Init(GPIOI, &GPIO_InitStruct);
 239              		.loc 1 72 3 is_stmt 1 view .LVU67
 240 010a 09A9     		add	r1, sp, #36
 241 010c 3948     		ldr	r0, .L3+16
 242 010e FFF7FEFF 		bl	HAL_GPIO_Init
 243              	.LVL4:
  73:Core/Src/gpio.c **** 
  74:Core/Src/gpio.c ****   /*Configure GPIO pin : PtPin */
  75:Core/Src/gpio.c ****   GPIO_InitStruct.Pin = LASER_Pin;
 244              		.loc 1 75 3 view .LVU68
 245              		.loc 1 75 23 is_stmt 0 view .LVU69
 246 0112 4FF48073 		mov	r3, #256
 247 0116 0993     		str	r3, [sp, #36]
  76:Core/Src/gpio.c ****   GPIO_InitStruct.Mode = GPIO_MODE_OUTPUT_PP;
 248              		.loc 1 76 3 is_stmt 1 view .LVU70
 249              		.loc 1 76 24 is_stmt 0 view .LVU71
 250 0118 0125     		movs	r5, #1
 251 011a 0A95     		str	r5, [sp, #40]
  77:Core/Src/gpio.c ****   GPIO_InitStruct.Pull = GPIO_NOPULL;
 252              		.loc 1 77 3 is_stmt 1 view .LVU72
 253              		.loc 1 77 24 is_stmt 0 view .LVU73
 254 011c 0B94     		str	r4, [sp, #44]
  78:Core/Src/gpio.c ****   GPIO_InitStruct.Speed = GPIO_SPEED_FREQ_LOW;
 255              		.loc 1 78 3 is_stmt 1 view .LVU74
 256              		.loc 1 78 25 is_stmt 0 view .LVU75
 257 011e 0C94     		str	r4, [sp, #48]
  79:Core/Src/gpio.c ****   HAL_GPIO_Init(LASER_GPIO_Port, &GPIO_InitStruct);
 258              		.loc 1 79 3 is_stmt 1 view .LVU76
 259 0120 09A9     		add	r1, sp, #36
 260 0122 3846     		mov	r0, r7
 261 0124 FFF7FEFF 		bl	HAL_GPIO_Init
 262              	.LVL5:
  80:Core/Src/gpio.c **** 
  81:Core/Src/gpio.c ****   /*Configure GPIO pin : PtPin */
ARM GAS  C:\Users\LENOVO\AppData\Local\Temp\ccPEkVk7.s 			page 7


  82:Core/Src/gpio.c ****   GPIO_InitStruct.Pin = RSTN_IST8310_Pin;
 263              		.loc 1 82 3 view .LVU77
 264              		.loc 1 82 23 is_stmt 0 view .LVU78
 265 0128 4023     		movs	r3, #64
 266 012a 0993     		str	r3, [sp, #36]
  83:Core/Src/gpio.c ****   GPIO_InitStruct.Mode = GPIO_MODE_OUTPUT_PP;
 267              		.loc 1 83 3 is_stmt 1 view .LVU79
 268              		.loc 1 83 24 is_stmt 0 view .LVU80
 269 012c 0A95     		str	r5, [sp, #40]
  84:Core/Src/gpio.c ****   GPIO_InitStruct.Pull = GPIO_PULLUP;
 270              		.loc 1 84 3 is_stmt 1 view .LVU81
 271              		.loc 1 84 24 is_stmt 0 view .LVU82
 272 012e 0B95     		str	r5, [sp, #44]
  85:Core/Src/gpio.c ****   GPIO_InitStruct.Speed = GPIO_SPEED_FREQ_MEDIUM;
 273              		.loc 1 85 3 is_stmt 1 view .LVU83
 274              		.loc 1 85 25 is_stmt 0 view .LVU84
 275 0130 0C95     		str	r5, [sp, #48]
  86:Core/Src/gpio.c ****   HAL_GPIO_Init(RSTN_IST8310_GPIO_Port, &GPIO_InitStruct);
 276              		.loc 1 86 3 is_stmt 1 view .LVU85
 277 0132 09A9     		add	r1, sp, #36
 278 0134 4846     		mov	r0, r9
 279 0136 FFF7FEFF 		bl	HAL_GPIO_Init
 280              	.LVL6:
  87:Core/Src/gpio.c **** 
  88:Core/Src/gpio.c ****   /*Configure GPIO pin : PtPin */
  89:Core/Src/gpio.c ****   GPIO_InitStruct.Pin = DRDY_IST8310_Pin;
 281              		.loc 1 89 3 view .LVU86
 282              		.loc 1 89 23 is_stmt 0 view .LVU87
 283 013a 0823     		movs	r3, #8
 284 013c 0993     		str	r3, [sp, #36]
  90:Core/Src/gpio.c ****   GPIO_InitStruct.Mode = GPIO_MODE_IT_FALLING;
 285              		.loc 1 90 3 is_stmt 1 view .LVU88
 286              		.loc 1 90 24 is_stmt 0 view .LVU89
 287 013e DFF8C0A0 		ldr	r10, .L3+28
 288 0142 CDF828A0 		str	r10, [sp, #40]
  91:Core/Src/gpio.c ****   GPIO_InitStruct.Pull = GPIO_PULLUP;
 289              		.loc 1 91 3 is_stmt 1 view .LVU90
 290              		.loc 1 91 24 is_stmt 0 view .LVU91
 291 0146 0B95     		str	r5, [sp, #44]
  92:Core/Src/gpio.c ****   HAL_GPIO_Init(DRDY_IST8310_GPIO_Port, &GPIO_InitStruct);
 292              		.loc 1 92 3 is_stmt 1 view .LVU92
 293 0148 09A9     		add	r1, sp, #36
 294 014a 4846     		mov	r0, r9
 295 014c FFF7FEFF 		bl	HAL_GPIO_Init
 296              	.LVL7:
  93:Core/Src/gpio.c **** 
  94:Core/Src/gpio.c ****   /*Configure GPIO pin : PtPin */
  95:Core/Src/gpio.c ****   GPIO_InitStruct.Pin = KEY_Pin;
 297              		.loc 1 95 3 view .LVU93
 298              		.loc 1 95 23 is_stmt 0 view .LVU94
 299 0150 0995     		str	r5, [sp, #36]
  96:Core/Src/gpio.c ****   GPIO_InitStruct.Mode = GPIO_MODE_INPUT;
 300              		.loc 1 96 3 is_stmt 1 view .LVU95
 301              		.loc 1 96 24 is_stmt 0 view .LVU96
 302 0152 0A94     		str	r4, [sp, #40]
  97:Core/Src/gpio.c ****   GPIO_InitStruct.Pull = GPIO_PULLUP;
 303              		.loc 1 97 3 is_stmt 1 view .LVU97
ARM GAS  C:\Users\LENOVO\AppData\Local\Temp\ccPEkVk7.s 			page 8


 304              		.loc 1 97 24 is_stmt 0 view .LVU98
 305 0154 0B95     		str	r5, [sp, #44]
  98:Core/Src/gpio.c ****   HAL_GPIO_Init(KEY_GPIO_Port, &GPIO_InitStruct);
 306              		.loc 1 98 3 is_stmt 1 view .LVU99
 307 0156 09A9     		add	r1, sp, #36
 308 0158 4046     		mov	r0, r8
 309 015a FFF7FEFF 		bl	HAL_GPIO_Init
 310              	.LVL8:
  99:Core/Src/gpio.c **** 
 100:Core/Src/gpio.c ****   /*Configure GPIO pin : PtPin */
 101:Core/Src/gpio.c ****   GPIO_InitStruct.Pin = CS1_ACCEL_Pin;
 311              		.loc 1 101 3 view .LVU100
 312              		.loc 1 101 23 is_stmt 0 view .LVU101
 313 015e 1023     		movs	r3, #16
 314 0160 0993     		str	r3, [sp, #36]
 102:Core/Src/gpio.c ****   GPIO_InitStruct.Mode = GPIO_MODE_OUTPUT_PP;
 315              		.loc 1 102 3 is_stmt 1 view .LVU102
 316              		.loc 1 102 24 is_stmt 0 view .LVU103
 317 0162 0A95     		str	r5, [sp, #40]
 103:Core/Src/gpio.c ****   GPIO_InitStruct.Pull = GPIO_PULLUP;
 318              		.loc 1 103 3 is_stmt 1 view .LVU104
 319              		.loc 1 103 24 is_stmt 0 view .LVU105
 320 0164 0B95     		str	r5, [sp, #44]
 104:Core/Src/gpio.c ****   GPIO_InitStruct.Speed = GPIO_SPEED_FREQ_HIGH;
 321              		.loc 1 104 3 is_stmt 1 view .LVU106
 322              		.loc 1 104 25 is_stmt 0 view .LVU107
 323 0166 4FF00209 		mov	r9, #2
 324 016a CDF83090 		str	r9, [sp, #48]
 105:Core/Src/gpio.c ****   HAL_GPIO_Init(CS1_ACCEL_GPIO_Port, &GPIO_InitStruct);
 325              		.loc 1 105 3 is_stmt 1 view .LVU108
 326 016e 09A9     		add	r1, sp, #36
 327 0170 4046     		mov	r0, r8
 328 0172 FFF7FEFF 		bl	HAL_GPIO_Init
 329              	.LVL9:
 106:Core/Src/gpio.c **** 
 107:Core/Src/gpio.c ****   /*Configure GPIO pins : PCPin PCPin */
 108:Core/Src/gpio.c ****   GPIO_InitStruct.Pin = INT1_ACCEL_Pin|INT1_GYRO_Pin;
 330              		.loc 1 108 3 view .LVU109
 331              		.loc 1 108 23 is_stmt 0 view .LVU110
 332 0176 3023     		movs	r3, #48
 333 0178 0993     		str	r3, [sp, #36]
 109:Core/Src/gpio.c ****   GPIO_InitStruct.Mode = GPIO_MODE_IT_FALLING;
 334              		.loc 1 109 3 is_stmt 1 view .LVU111
 335              		.loc 1 109 24 is_stmt 0 view .LVU112
 336 017a CDF828A0 		str	r10, [sp, #40]
 110:Core/Src/gpio.c ****   GPIO_InitStruct.Pull = GPIO_PULLUP;
 337              		.loc 1 110 3 is_stmt 1 view .LVU113
 338              		.loc 1 110 24 is_stmt 0 view .LVU114
 339 017e 0B95     		str	r5, [sp, #44]
 111:Core/Src/gpio.c ****   HAL_GPIO_Init(GPIOC, &GPIO_InitStruct);
 340              		.loc 1 111 3 is_stmt 1 view .LVU115
 341 0180 09A9     		add	r1, sp, #36
 342 0182 3846     		mov	r0, r7
 343 0184 FFF7FEFF 		bl	HAL_GPIO_Init
 344              	.LVL10:
 112:Core/Src/gpio.c **** 
 113:Core/Src/gpio.c ****   /*Configure GPIO pin : PtPin */
ARM GAS  C:\Users\LENOVO\AppData\Local\Temp\ccPEkVk7.s 			page 9


 114:Core/Src/gpio.c ****   GPIO_InitStruct.Pin = SPI2_CS_Pin;
 345              		.loc 1 114 3 view .LVU116
 346              		.loc 1 114 23 is_stmt 0 view .LVU117
 347 0188 4FF48053 		mov	r3, #4096
 348 018c 0993     		str	r3, [sp, #36]
 115:Core/Src/gpio.c ****   GPIO_InitStruct.Mode = GPIO_MODE_OUTPUT_PP;
 349              		.loc 1 115 3 is_stmt 1 view .LVU118
 350              		.loc 1 115 24 is_stmt 0 view .LVU119
 351 018e 0A95     		str	r5, [sp, #40]
 116:Core/Src/gpio.c ****   GPIO_InitStruct.Pull = GPIO_PULLUP;
 352              		.loc 1 116 3 is_stmt 1 view .LVU120
 353              		.loc 1 116 24 is_stmt 0 view .LVU121
 354 0190 0B95     		str	r5, [sp, #44]
 117:Core/Src/gpio.c ****   GPIO_InitStruct.Speed = GPIO_SPEED_FREQ_MEDIUM;
 355              		.loc 1 117 3 is_stmt 1 view .LVU122
 356              		.loc 1 117 25 is_stmt 0 view .LVU123
 357 0192 0C95     		str	r5, [sp, #48]
 118:Core/Src/gpio.c ****   HAL_GPIO_Init(SPI2_CS_GPIO_Port, &GPIO_InitStruct);
 358              		.loc 1 118 3 is_stmt 1 view .LVU124
 359 0194 09A9     		add	r1, sp, #36
 360 0196 3046     		mov	r0, r6
 361 0198 FFF7FEFF 		bl	HAL_GPIO_Init
 362              	.LVL11:
 119:Core/Src/gpio.c **** 
 120:Core/Src/gpio.c ****   /*Configure GPIO pin : PtPin */
 121:Core/Src/gpio.c ****   GPIO_InitStruct.Pin = CS1_GYRO_Pin;
 363              		.loc 1 121 3 view .LVU125
 364              		.loc 1 121 23 is_stmt 0 view .LVU126
 365 019c 0995     		str	r5, [sp, #36]
 122:Core/Src/gpio.c ****   GPIO_InitStruct.Mode = GPIO_MODE_OUTPUT_PP;
 366              		.loc 1 122 3 is_stmt 1 view .LVU127
 367              		.loc 1 122 24 is_stmt 0 view .LVU128
 368 019e 0A95     		str	r5, [sp, #40]
 123:Core/Src/gpio.c ****   GPIO_InitStruct.Pull = GPIO_PULLUP;
 369              		.loc 1 123 3 is_stmt 1 view .LVU129
 370              		.loc 1 123 24 is_stmt 0 view .LVU130
 371 01a0 0B95     		str	r5, [sp, #44]
 124:Core/Src/gpio.c ****   GPIO_InitStruct.Speed = GPIO_SPEED_FREQ_HIGH;
 372              		.loc 1 124 3 is_stmt 1 view .LVU131
 373              		.loc 1 124 25 is_stmt 0 view .LVU132
 374 01a2 CDF83090 		str	r9, [sp, #48]
 125:Core/Src/gpio.c ****   HAL_GPIO_Init(CS1_GYRO_GPIO_Port, &GPIO_InitStruct);
 375              		.loc 1 125 3 is_stmt 1 view .LVU133
 376 01a6 09A9     		add	r1, sp, #36
 377 01a8 3046     		mov	r0, r6
 378 01aa FFF7FEFF 		bl	HAL_GPIO_Init
 379              	.LVL12:
 126:Core/Src/gpio.c **** 
 127:Core/Src/gpio.c ****   /* EXTI interrupt init*/
 128:Core/Src/gpio.c ****   HAL_NVIC_SetPriority(EXTI3_IRQn, 5, 0);
 380              		.loc 1 128 3 view .LVU134
 381 01ae 2246     		mov	r2, r4
 382 01b0 0521     		movs	r1, #5
 383 01b2 0920     		movs	r0, #9
 384 01b4 FFF7FEFF 		bl	HAL_NVIC_SetPriority
 385              	.LVL13:
 129:Core/Src/gpio.c ****   HAL_NVIC_EnableIRQ(EXTI3_IRQn);
ARM GAS  C:\Users\LENOVO\AppData\Local\Temp\ccPEkVk7.s 			page 10


 386              		.loc 1 129 3 view .LVU135
 387 01b8 0920     		movs	r0, #9
 388 01ba FFF7FEFF 		bl	HAL_NVIC_EnableIRQ
 389              	.LVL14:
 130:Core/Src/gpio.c **** 
 131:Core/Src/gpio.c ****   HAL_NVIC_SetPriority(EXTI4_IRQn, 5, 0);
 390              		.loc 1 131 3 view .LVU136
 391 01be 2246     		mov	r2, r4
 392 01c0 0521     		movs	r1, #5
 393 01c2 0A20     		movs	r0, #10
 394 01c4 FFF7FEFF 		bl	HAL_NVIC_SetPriority
 395              	.LVL15:
 132:Core/Src/gpio.c ****   HAL_NVIC_EnableIRQ(EXTI4_IRQn);
 396              		.loc 1 132 3 view .LVU137
 397 01c8 0A20     		movs	r0, #10
 398 01ca FFF7FEFF 		bl	HAL_NVIC_EnableIRQ
 399              	.LVL16:
 133:Core/Src/gpio.c **** 
 134:Core/Src/gpio.c ****   HAL_NVIC_SetPriority(EXTI9_5_IRQn, 5, 0);
 400              		.loc 1 134 3 view .LVU138
 401 01ce 2246     		mov	r2, r4
 402 01d0 0521     		movs	r1, #5
 403 01d2 1720     		movs	r0, #23
 404 01d4 FFF7FEFF 		bl	HAL_NVIC_SetPriority
 405              	.LVL17:
 135:Core/Src/gpio.c ****   HAL_NVIC_EnableIRQ(EXTI9_5_IRQn);
 406              		.loc 1 135 3 view .LVU139
 407 01d8 1720     		movs	r0, #23
 408 01da FFF7FEFF 		bl	HAL_NVIC_EnableIRQ
 409              	.LVL18:
 136:Core/Src/gpio.c **** 
 137:Core/Src/gpio.c **** }
 410              		.loc 1 137 1 is_stmt 0 view .LVU140
 411 01de 0EB0     		add	sp, sp, #56
 412              	.LCFI2:
 413              		.cfi_def_cfa_offset 32
 414              		@ sp needed
 415 01e0 BDE8F087 		pop	{r4, r5, r6, r7, r8, r9, r10, pc}
 416              	.L4:
 417              		.align	2
 418              	.L3:
 419 01e4 00380240 		.word	1073887232
 420 01e8 00080240 		.word	1073874944
 421 01ec 00040240 		.word	1073873920
 422 01f0 00001110 		.word	269549568
 423 01f4 00200240 		.word	1073881088
 424 01f8 00180240 		.word	1073879040
 425 01fc 00000240 		.word	1073872896
 426 0200 00002110 		.word	270598144
 427              		.cfi_endproc
 428              	.LFE130:
 430              		.text
 431              	.Letext0:
 432              		.file 2 "Drivers/CMSIS/Device/ST/STM32F4xx/Include/stm32f407xx.h"
 433              		.file 3 "C:/msys64/mingw64/arm-none-eabi/include/machine/_default_types.h"
 434              		.file 4 "C:/msys64/mingw64/arm-none-eabi/include/sys/_stdint.h"
 435              		.file 5 "Drivers/STM32F4xx_HAL_Driver/Inc/stm32f4xx_hal_gpio.h"
ARM GAS  C:\Users\LENOVO\AppData\Local\Temp\ccPEkVk7.s 			page 11


 436              		.file 6 "Drivers/STM32F4xx_HAL_Driver/Inc/stm32f4xx_hal_cortex.h"
ARM GAS  C:\Users\LENOVO\AppData\Local\Temp\ccPEkVk7.s 			page 12


DEFINED SYMBOLS
                            *ABS*:00000000 gpio.c
C:\Users\LENOVO\AppData\Local\Temp\ccPEkVk7.s:21     .text.MX_GPIO_Init:00000000 $t
C:\Users\LENOVO\AppData\Local\Temp\ccPEkVk7.s:27     .text.MX_GPIO_Init:00000000 MX_GPIO_Init
C:\Users\LENOVO\AppData\Local\Temp\ccPEkVk7.s:419    .text.MX_GPIO_Init:000001e4 $d

UNDEFINED SYMBOLS
HAL_GPIO_WritePin
HAL_GPIO_Init
HAL_NVIC_SetPriority
HAL_NVIC_EnableIRQ
