ARM GAS  C:\Users\LENOVO\AppData\Local\Temp\ccvbX031.s 			page 1


   1              		.cpu cortex-m4
   2              		.arch armv7e-m
   3              		.fpu fpv4-sp-d16
   4              		.eabi_attribute 27, 1
   5              		.eabi_attribute 28, 1
   6              		.eabi_attribute 20, 1
   7              		.eabi_attribute 21, 1
   8              		.eabi_attribute 23, 3
   9              		.eabi_attribute 24, 1
  10              		.eabi_attribute 25, 1
  11              		.eabi_attribute 26, 1
  12              		.eabi_attribute 30, 1
  13              		.eabi_attribute 34, 1
  14              		.eabi_attribute 18, 4
  15              		.file	"motor.c"
  16              		.text
  17              	.Ltext0:
  18              		.cfi_sections	.debug_frame
  19              		.file 1 "Bsp/Motor/motor.c"
  20              		.section	.text.Send_Motor_Current,"ax",%progbits
  21              		.align	1
  22              		.syntax unified
  23              		.thumb
  24              		.thumb_func
  26              	Send_Motor_Current:
  27              	.LVL0:
  28              	.LFB173:
   1:Bsp/Motor/motor.c **** #include "motor.h"
   2:Bsp/Motor/motor.c **** #include "bsp_CAN.h"
   3:Bsp/Motor/motor.c **** #include "user_lib.h"
   4:Bsp/Motor/motor.c **** 
   5:Bsp/Motor/motor.c **** float Motor_Torque_Calculate(Motor_t *motor, float torque, float target_torque)
   6:Bsp/Motor/motor.c **** {
   7:Bsp/Motor/motor.c ****     Feedforward_Calculate(&motor->FFC_Torque, target_torque);
   8:Bsp/Motor/motor.c ****     PID_Calculate(&motor->PID_Torque, torque, target_torque);
   9:Bsp/Motor/motor.c **** 
  10:Bsp/Motor/motor.c ****     if (motor->TorqueCtrl_User_Func_f != NULL)
  11:Bsp/Motor/motor.c ****         motor->TorqueCtrl_User_Func_f(motor);
  12:Bsp/Motor/motor.c **** 
  13:Bsp/Motor/motor.c ****     if (motor->Direction != NEGATIVE)
  14:Bsp/Motor/motor.c ****         motor->Output = motor->FFC_Torque.Output + motor->PID_Torque.Output + motor->Ke * motor->Ve
  15:Bsp/Motor/motor.c ****     else
  16:Bsp/Motor/motor.c ****         motor->Output = motor->FFC_Torque.Output + motor->PID_Torque.Output - motor->Ke * motor->Ve
  17:Bsp/Motor/motor.c **** 
  18:Bsp/Motor/motor.c ****     motor->Output = float_constrain(motor->Output, -motor->Max_Out, motor->Max_Out);
  19:Bsp/Motor/motor.c ****     return motor->Output;
  20:Bsp/Motor/motor.c **** }
  21:Bsp/Motor/motor.c **** 
  22:Bsp/Motor/motor.c **** float Motor_Speed_Calculate(Motor_t *motor, float velocity, float target_speed)
  23:Bsp/Motor/motor.c **** {
  24:Bsp/Motor/motor.c ****     Feedforward_Calculate(&motor->FFC_Velocity, target_speed);
  25:Bsp/Motor/motor.c ****     PID_Calculate(&motor->PID_Velocity, velocity, target_speed);
  26:Bsp/Motor/motor.c **** 
  27:Bsp/Motor/motor.c ****     if (motor->SpeedCtrl_User_Func_f != NULL)
  28:Bsp/Motor/motor.c ****         motor->SpeedCtrl_User_Func_f(motor);
  29:Bsp/Motor/motor.c **** 
  30:Bsp/Motor/motor.c ****     motor->Output = motor->FFC_Velocity.Output + motor->PID_Velocity.Output - motor->LDOB.Disturban
ARM GAS  C:\Users\LENOVO\AppData\Local\Temp\ccvbX031.s 			page 2


  31:Bsp/Motor/motor.c ****     motor->Output = float_constrain(motor->Output, -motor->Max_Out, motor->Max_Out);
  32:Bsp/Motor/motor.c ****     return motor->Output;
  33:Bsp/Motor/motor.c **** }
  34:Bsp/Motor/motor.c **** 
  35:Bsp/Motor/motor.c **** float Motor_Angle_Calculate(Motor_t *motor, float angle, float velocity, float target_angle)
  36:Bsp/Motor/motor.c **** {
  37:Bsp/Motor/motor.c ****     Feedforward_Calculate(&motor->FFC_Angle, target_angle);
  38:Bsp/Motor/motor.c ****     PID_Calculate(&motor->PID_Angle, angle, target_angle);
  39:Bsp/Motor/motor.c **** 
  40:Bsp/Motor/motor.c ****     if (motor->AngleCtrl_User_Func_f != NULL)
  41:Bsp/Motor/motor.c ****         motor->AngleCtrl_User_Func_f(motor);
  42:Bsp/Motor/motor.c **** 
  43:Bsp/Motor/motor.c ****     Motor_Speed_Calculate(motor, velocity, motor->FFC_Angle.Output + motor->PID_Angle.Output);
  44:Bsp/Motor/motor.c ****     return motor->Output;
  45:Bsp/Motor/motor.c **** }
  46:Bsp/Motor/motor.c **** 
  47:Bsp/Motor/motor.c **** void get_moto_info(Motor_t *ptr, uint8_t *aData)
  48:Bsp/Motor/motor.c **** {
  49:Bsp/Motor/motor.c ****     const float lpf = 2 * PI * 10 * 0.001 / (1 + 2 * PI * 10 * 0.001);
  50:Bsp/Motor/motor.c **** 
  51:Bsp/Motor/motor.c ****     if (ptr->Direction != NEGATIVE)
  52:Bsp/Motor/motor.c ****     {
  53:Bsp/Motor/motor.c ****         ptr->RawAngle = (uint16_t)(aData[0] << 8 | aData[1]);
  54:Bsp/Motor/motor.c ****         ptr->Velocity_RPM = (int16_t)(aData[2] << 8 | aData[3]);
  55:Bsp/Motor/motor.c ****     }
  56:Bsp/Motor/motor.c ****     else
  57:Bsp/Motor/motor.c ****     {
  58:Bsp/Motor/motor.c ****         ptr->RawAngle = 8191 - (uint16_t)(aData[0] << 8 | aData[1]);
  59:Bsp/Motor/motor.c ****         ptr->Velocity_RPM = -(int16_t)(aData[2] << 8 | aData[3]);
  60:Bsp/Motor/motor.c ****     }
  61:Bsp/Motor/motor.c **** 
  62:Bsp/Motor/motor.c ****     if (ptr->firstRun == 0)
  63:Bsp/Motor/motor.c ****     {
  64:Bsp/Motor/motor.c ****         ptr->firstRun = 1;
  65:Bsp/Motor/motor.c ****         ptr->last_Velocity_RPM = (float)(ptr->Velocity_RPM);
  66:Bsp/Motor/motor.c ****     }
  67:Bsp/Motor/motor.c **** 
  68:Bsp/Motor/motor.c ****     if (ptr->ReductionRatio > 1e-6f)
  69:Bsp/Motor/motor.c ****         ptr->OutputVel_RadPS = ptr->Velocity_RPM * 0.10471975511965f / ptr->ReductionRatio;
  70:Bsp/Motor/motor.c **** 
  71:Bsp/Motor/motor.c ****     ptr->Current = (int16_t)(aData[4] << 8 | aData[5]) * 20.0f / 16384.0f;
  72:Bsp/Motor/motor.c ****     ptr->Temperature = aData[6];
  73:Bsp/Motor/motor.c ****     ptr->Torque = TORQUE_CONSTANT * (1 / REDUCTION_RATIO) * ptr->Current;
  74:Bsp/Motor/motor.c ****     ptr->Velocity_Rad = ptr->Velocity_RPM / 9.55f;
  75:Bsp/Motor/motor.c ****     ptr->Velocity_RPM = lpf * (float)(ptr->Velocity_RPM) + (1.0 - lpf) * ptr->last_Velocity_RPM;
  76:Bsp/Motor/motor.c **** 
  77:Bsp/Motor/motor.c ****     if (ptr->RawAngle - ptr->last_angle > 4096)
  78:Bsp/Motor/motor.c ****         ptr->round_cnt--;
  79:Bsp/Motor/motor.c ****     else if (ptr->RawAngle - ptr->last_angle < -4096)
  80:Bsp/Motor/motor.c ****         ptr->round_cnt++;
  81:Bsp/Motor/motor.c **** 
  82:Bsp/Motor/motor.c ****     ptr->Angle = loop_float_constrain(ptr->RawAngle - ptr->zero_offset, -4095, 4096);
  83:Bsp/Motor/motor.c ****     ptr->AngleInDegree = ptr->Angle * 0.0439507f;
  84:Bsp/Motor/motor.c ****     ptr->total_angle = ptr->round_cnt * 8192 + ptr->RawAngle - ptr->offset_angle;
  85:Bsp/Motor/motor.c ****     ptr->last_angle = ptr->RawAngle;
  86:Bsp/Motor/motor.c ****     ptr->last_Velocity_RPM = (float)(ptr->Velocity_RPM);
  87:Bsp/Motor/motor.c **** }
ARM GAS  C:\Users\LENOVO\AppData\Local\Temp\ccvbX031.s 			page 3


  88:Bsp/Motor/motor.c **** 
  89:Bsp/Motor/motor.c **** void get_moto_offset(Motor_t *ptr, uint8_t *aData)
  90:Bsp/Motor/motor.c **** {
  91:Bsp/Motor/motor.c ****     ptr->RawAngle = (uint16_t)(aData[0] << 8 | aData[1]);
  92:Bsp/Motor/motor.c ****     ptr->offset_angle = ptr->RawAngle;
  93:Bsp/Motor/motor.c ****     ptr->last_angle = ptr->RawAngle;
  94:Bsp/Motor/motor.c **** }
  95:Bsp/Motor/motor.c **** 
  96:Bsp/Motor/motor.c **** static HAL_StatusTypeDef Send_Motor_Current(CAN_HandleTypeDef *_hcan, uint16_t std_id,
  97:Bsp/Motor/motor.c ****                                             int16_t c1, int16_t c2, int16_t c3, int16_t c4)
  98:Bsp/Motor/motor.c **** {
  29              		.loc 1 98 1 view -0
  30              		.cfi_startproc
  31              		@ args = 8, pretend = 0, frame = 8
  32              		@ frame_needed = 0, uses_anonymous_args = 0
  33              		.loc 1 98 1 is_stmt 0 view .LVU1
  34 0000 10B5     		push	{r4, lr}
  35              	.LCFI0:
  36              		.cfi_def_cfa_offset 8
  37              		.cfi_offset 4, -8
  38              		.cfi_offset 14, -4
  39 0002 82B0     		sub	sp, sp, #8
  40              	.LCFI1:
  41              		.cfi_def_cfa_offset 16
  42 0004 BDF910E0 		ldrsh	lr, [sp, #16]
  43 0008 BDF914C0 		ldrsh	ip, [sp, #20]
  99:Bsp/Motor/motor.c ****     uint8_t can_send_data[8];
  44              		.loc 1 99 5 is_stmt 1 view .LVU2
 100:Bsp/Motor/motor.c **** 
 101:Bsp/Motor/motor.c ****     can_send_data[0] = (uint8_t)(c1 >> 8);
  45              		.loc 1 101 5 view .LVU3
  46              		.loc 1 101 24 is_stmt 0 view .LVU4
  47 000c C2F30724 		ubfx	r4, r2, #8, #8
  48              		.loc 1 101 22 view .LVU5
  49 0010 8DF80040 		strb	r4, [sp]
 102:Bsp/Motor/motor.c ****     can_send_data[1] = (uint8_t)c1;
  50              		.loc 1 102 5 is_stmt 1 view .LVU6
  51              		.loc 1 102 22 is_stmt 0 view .LVU7
  52 0014 8DF80120 		strb	r2, [sp, #1]
 103:Bsp/Motor/motor.c ****     can_send_data[2] = (uint8_t)(c2 >> 8);
  53              		.loc 1 103 5 is_stmt 1 view .LVU8
  54              		.loc 1 103 24 is_stmt 0 view .LVU9
  55 0018 C3F30722 		ubfx	r2, r3, #8, #8
  56              	.LVL1:
  57              		.loc 1 103 22 view .LVU10
  58 001c 8DF80220 		strb	r2, [sp, #2]
 104:Bsp/Motor/motor.c ****     can_send_data[3] = (uint8_t)c2;
  59              		.loc 1 104 5 is_stmt 1 view .LVU11
  60              		.loc 1 104 22 is_stmt 0 view .LVU12
  61 0020 8DF80330 		strb	r3, [sp, #3]
 105:Bsp/Motor/motor.c ****     can_send_data[4] = (uint8_t)(c3 >> 8);
  62              		.loc 1 105 5 is_stmt 1 view .LVU13
  63              		.loc 1 105 24 is_stmt 0 view .LVU14
  64 0024 9DF91130 		ldrsb	r3, [sp, #17]
  65              	.LVL2:
  66              		.loc 1 105 22 view .LVU15
  67 0028 8DF80430 		strb	r3, [sp, #4]
ARM GAS  C:\Users\LENOVO\AppData\Local\Temp\ccvbX031.s 			page 4


 106:Bsp/Motor/motor.c ****     can_send_data[5] = (uint8_t)c3;
  68              		.loc 1 106 5 is_stmt 1 view .LVU16
  69              		.loc 1 106 22 is_stmt 0 view .LVU17
  70 002c 8DF805E0 		strb	lr, [sp, #5]
 107:Bsp/Motor/motor.c ****     can_send_data[6] = (uint8_t)(c4 >> 8);
  71              		.loc 1 107 5 is_stmt 1 view .LVU18
  72              		.loc 1 107 24 is_stmt 0 view .LVU19
  73 0030 9DF91530 		ldrsb	r3, [sp, #21]
  74              		.loc 1 107 22 view .LVU20
  75 0034 8DF80630 		strb	r3, [sp, #6]
 108:Bsp/Motor/motor.c ****     can_send_data[7] = (uint8_t)c4;
  76              		.loc 1 108 5 is_stmt 1 view .LVU21
  77              		.loc 1 108 22 is_stmt 0 view .LVU22
  78 0038 8DF807C0 		strb	ip, [sp, #7]
 109:Bsp/Motor/motor.c **** 
 110:Bsp/Motor/motor.c ****     return CAN_Send_Data(_hcan, std_id, can_send_data, 8);
  79              		.loc 1 110 5 is_stmt 1 view .LVU23
  80              		.loc 1 110 12 is_stmt 0 view .LVU24
  81 003c 0823     		movs	r3, #8
  82 003e 6A46     		mov	r2, sp
  83 0040 FFF7FEFF 		bl	CAN_Send_Data
  84              	.LVL3:
 111:Bsp/Motor/motor.c **** }
  85              		.loc 1 111 1 view .LVU25
  86 0044 02B0     		add	sp, sp, #8
  87              	.LCFI2:
  88              		.cfi_def_cfa_offset 8
  89              		@ sp needed
  90 0046 10BD     		pop	{r4, pc}
  91              		.loc 1 111 1 view .LVU26
  92              		.cfi_endproc
  93              	.LFE173:
  95              		.section	.text.Motor_Torque_Calculate,"ax",%progbits
  96              		.align	1
  97              		.global	Motor_Torque_Calculate
  98              		.syntax unified
  99              		.thumb
 100              		.thumb_func
 102              	Motor_Torque_Calculate:
 103              	.LVL4:
 104              	.LFB168:
   6:Bsp/Motor/motor.c ****     Feedforward_Calculate(&motor->FFC_Torque, target_torque);
 105              		.loc 1 6 1 is_stmt 1 view -0
 106              		.cfi_startproc
 107              		@ args = 0, pretend = 0, frame = 0
 108              		@ frame_needed = 0, uses_anonymous_args = 0
   6:Bsp/Motor/motor.c ****     Feedforward_Calculate(&motor->FFC_Torque, target_torque);
 109              		.loc 1 6 1 is_stmt 0 view .LVU28
 110 0000 10B5     		push	{r4, lr}
 111              	.LCFI3:
 112              		.cfi_def_cfa_offset 8
 113              		.cfi_offset 4, -8
 114              		.cfi_offset 14, -4
 115 0002 2DED028B 		vpush.64	{d8}
 116              	.LCFI4:
 117              		.cfi_def_cfa_offset 16
 118              		.cfi_offset 80, -16
ARM GAS  C:\Users\LENOVO\AppData\Local\Temp\ccvbX031.s 			page 5


 119              		.cfi_offset 81, -12
 120 0006 0446     		mov	r4, r0
 121 0008 F0EE408A 		vmov.f32	s17, s0
 122 000c B0EE608A 		vmov.f32	s16, s1
   7:Bsp/Motor/motor.c ****     PID_Calculate(&motor->PID_Torque, torque, target_torque);
 123              		.loc 1 7 5 is_stmt 1 view .LVU29
 124 0010 B0EE600A 		vmov.f32	s0, s1
 125              	.LVL5:
   7:Bsp/Motor/motor.c ****     PID_Calculate(&motor->PID_Torque, torque, target_torque);
 126              		.loc 1 7 5 is_stmt 0 view .LVU30
 127 0014 00F52A70 		add	r0, r0, #680
 128              	.LVL6:
   7:Bsp/Motor/motor.c ****     PID_Calculate(&motor->PID_Torque, torque, target_torque);
 129              		.loc 1 7 5 view .LVU31
 130 0018 FFF7FEFF 		bl	Feedforward_Calculate
 131              	.LVL7:
   8:Bsp/Motor/motor.c **** 
 132              		.loc 1 8 5 is_stmt 1 view .LVU32
 133 001c F0EE480A 		vmov.f32	s1, s16
 134 0020 B0EE680A 		vmov.f32	s0, s17
 135 0024 04F16800 		add	r0, r4, #104
 136 0028 FFF7FEFF 		bl	PID_Calculate
 137              	.LVL8:
  10:Bsp/Motor/motor.c ****         motor->TorqueCtrl_User_Func_f(motor);
 138              		.loc 1 10 5 view .LVU33
  10:Bsp/Motor/motor.c ****         motor->TorqueCtrl_User_Func_f(motor);
 139              		.loc 1 10 14 is_stmt 0 view .LVU34
 140 002c D4F81435 		ldr	r3, [r4, #1300]
  10:Bsp/Motor/motor.c ****         motor->TorqueCtrl_User_Func_f(motor);
 141              		.loc 1 10 8 view .LVU35
 142 0030 0BB1     		cbz	r3, .L4
  11:Bsp/Motor/motor.c **** 
 143              		.loc 1 11 9 is_stmt 1 view .LVU36
 144 0032 2046     		mov	r0, r4
 145 0034 9847     		blx	r3
 146              	.LVL9:
 147              	.L4:
  13:Bsp/Motor/motor.c ****         motor->Output = motor->FFC_Torque.Output + motor->PID_Torque.Output + motor->Ke * motor->Ve
 148              		.loc 1 13 5 view .LVU37
  13:Bsp/Motor/motor.c ****         motor->Output = motor->FFC_Torque.Output + motor->PID_Torque.Output + motor->Ke * motor->Ve
 149              		.loc 1 13 14 is_stmt 0 view .LVU38
 150 0036 637D     		ldrb	r3, [r4, #21]	@ zero_extendqisi2
  13:Bsp/Motor/motor.c ****         motor->Output = motor->FFC_Torque.Output + motor->PID_Torque.Output + motor->Ke * motor->Ve
 151              		.loc 1 13 8 view .LVU39
 152 0038 012B     		cmp	r3, #1
 153 003a 1CD0     		beq	.L5
  14:Bsp/Motor/motor.c ****     else
 154              		.loc 1 14 9 is_stmt 1 view .LVU40
  14:Bsp/Motor/motor.c ****     else
 155              		.loc 1 14 42 is_stmt 0 view .LVU41
 156 003c D4EDCE7A 		vldr.32	s15, [r4, #824]
  14:Bsp/Motor/motor.c ****     else
 157              		.loc 1 14 69 view .LVU42
 158 0040 94ED287A 		vldr.32	s14, [r4, #160]
  14:Bsp/Motor/motor.c ****     else
 159              		.loc 1 14 50 view .LVU43
 160 0044 77EE877A 		vadd.f32	s15, s15, s14
ARM GAS  C:\Users\LENOVO\AppData\Local\Temp\ccvbX031.s 			page 6


  14:Bsp/Motor/motor.c ****     else
 161              		.loc 1 14 84 view .LVU44
 162 0048 94ED067A 		vldr.32	s14, [r4, #24]
  14:Bsp/Motor/motor.c ****     else
 163              		.loc 1 14 96 view .LVU45
 164 004c D4ED026A 		vldr.32	s13, [r4, #8]
  14:Bsp/Motor/motor.c ****     else
 165              		.loc 1 14 89 view .LVU46
 166 0050 27EE267A 		vmul.f32	s14, s14, s13
  14:Bsp/Motor/motor.c ****     else
 167              		.loc 1 14 77 view .LVU47
 168 0054 77EE877A 		vadd.f32	s15, s15, s14
  14:Bsp/Motor/motor.c ****     else
 169              		.loc 1 14 23 view .LVU48
 170 0058 C4ED167A 		vstr.32	s15, [r4, #88]
 171              	.L6:
  18:Bsp/Motor/motor.c ****     return motor->Output;
 172              		.loc 1 18 5 is_stmt 1 view .LVU49
  18:Bsp/Motor/motor.c ****     return motor->Output;
 173              		.loc 1 18 58 is_stmt 0 view .LVU50
 174 005c 94ED171A 		vldr.32	s2, [r4, #92]
  18:Bsp/Motor/motor.c ****     return motor->Output;
 175              		.loc 1 18 21 view .LVU51
 176 0060 F1EE410A 		vneg.f32	s1, s2
 177 0064 94ED160A 		vldr.32	s0, [r4, #88]
 178 0068 FFF7FEFF 		bl	float_constrain
 179              	.LVL10:
  18:Bsp/Motor/motor.c ****     return motor->Output;
 180              		.loc 1 18 19 discriminator 1 view .LVU52
 181 006c 84ED160A 		vstr.32	s0, [r4, #88]
  19:Bsp/Motor/motor.c **** }
 182              		.loc 1 19 5 is_stmt 1 view .LVU53
  20:Bsp/Motor/motor.c **** 
 183              		.loc 1 20 1 is_stmt 0 view .LVU54
 184 0070 BDEC028B 		vldm	sp!, {d8}
 185              	.LCFI5:
 186              		.cfi_remember_state
 187              		.cfi_restore 80
 188              		.cfi_restore 81
 189              		.cfi_def_cfa_offset 8
 190              	.LVL11:
  20:Bsp/Motor/motor.c **** 
 191              		.loc 1 20 1 view .LVU55
 192 0074 10BD     		pop	{r4, pc}
 193              	.LVL12:
 194              	.L5:
 195              	.LCFI6:
 196              		.cfi_restore_state
  16:Bsp/Motor/motor.c **** 
 197              		.loc 1 16 9 is_stmt 1 view .LVU56
  16:Bsp/Motor/motor.c **** 
 198              		.loc 1 16 42 is_stmt 0 view .LVU57
 199 0076 D4EDCE7A 		vldr.32	s15, [r4, #824]
  16:Bsp/Motor/motor.c **** 
 200              		.loc 1 16 69 view .LVU58
 201 007a 94ED287A 		vldr.32	s14, [r4, #160]
  16:Bsp/Motor/motor.c **** 
ARM GAS  C:\Users\LENOVO\AppData\Local\Temp\ccvbX031.s 			page 7


 202              		.loc 1 16 50 view .LVU59
 203 007e 77EE877A 		vadd.f32	s15, s15, s14
  16:Bsp/Motor/motor.c **** 
 204              		.loc 1 16 84 view .LVU60
 205 0082 94ED067A 		vldr.32	s14, [r4, #24]
  16:Bsp/Motor/motor.c **** 
 206              		.loc 1 16 96 view .LVU61
 207 0086 D4ED026A 		vldr.32	s13, [r4, #8]
  16:Bsp/Motor/motor.c **** 
 208              		.loc 1 16 89 view .LVU62
 209 008a 27EE267A 		vmul.f32	s14, s14, s13
  16:Bsp/Motor/motor.c **** 
 210              		.loc 1 16 77 view .LVU63
 211 008e 77EEC77A 		vsub.f32	s15, s15, s14
  16:Bsp/Motor/motor.c **** 
 212              		.loc 1 16 23 view .LVU64
 213 0092 C4ED167A 		vstr.32	s15, [r4, #88]
 214 0096 E1E7     		b	.L6
 215              		.cfi_endproc
 216              	.LFE168:
 218              		.section	.text.Motor_Speed_Calculate,"ax",%progbits
 219              		.align	1
 220              		.global	Motor_Speed_Calculate
 221              		.syntax unified
 222              		.thumb
 223              		.thumb_func
 225              	Motor_Speed_Calculate:
 226              	.LVL13:
 227              	.LFB169:
  23:Bsp/Motor/motor.c ****     Feedforward_Calculate(&motor->FFC_Velocity, target_speed);
 228              		.loc 1 23 1 is_stmt 1 view -0
 229              		.cfi_startproc
 230              		@ args = 0, pretend = 0, frame = 0
 231              		@ frame_needed = 0, uses_anonymous_args = 0
  23:Bsp/Motor/motor.c ****     Feedforward_Calculate(&motor->FFC_Velocity, target_speed);
 232              		.loc 1 23 1 is_stmt 0 view .LVU66
 233 0000 10B5     		push	{r4, lr}
 234              	.LCFI7:
 235              		.cfi_def_cfa_offset 8
 236              		.cfi_offset 4, -8
 237              		.cfi_offset 14, -4
 238 0002 2DED028B 		vpush.64	{d8}
 239              	.LCFI8:
 240              		.cfi_def_cfa_offset 16
 241              		.cfi_offset 80, -16
 242              		.cfi_offset 81, -12
 243 0006 0446     		mov	r4, r0
 244 0008 F0EE408A 		vmov.f32	s17, s0
 245 000c B0EE608A 		vmov.f32	s16, s1
  24:Bsp/Motor/motor.c ****     PID_Calculate(&motor->PID_Velocity, velocity, target_speed);
 246              		.loc 1 24 5 is_stmt 1 view .LVU67
 247 0010 B0EE600A 		vmov.f32	s0, s1
 248              	.LVL14:
  24:Bsp/Motor/motor.c ****     PID_Calculate(&motor->PID_Velocity, velocity, target_speed);
 249              		.loc 1 24 5 is_stmt 0 view .LVU68
 250 0014 00F55070 		add	r0, r0, #832
 251              	.LVL15:
ARM GAS  C:\Users\LENOVO\AppData\Local\Temp\ccvbX031.s 			page 8


  24:Bsp/Motor/motor.c ****     PID_Calculate(&motor->PID_Velocity, velocity, target_speed);
 252              		.loc 1 24 5 view .LVU69
 253 0018 FFF7FEFF 		bl	Feedforward_Calculate
 254              	.LVL16:
  25:Bsp/Motor/motor.c **** 
 255              		.loc 1 25 5 is_stmt 1 view .LVU70
 256 001c F0EE480A 		vmov.f32	s1, s16
 257 0020 B0EE680A 		vmov.f32	s0, s17
 258 0024 04F59470 		add	r0, r4, #296
 259 0028 FFF7FEFF 		bl	PID_Calculate
 260              	.LVL17:
  27:Bsp/Motor/motor.c ****         motor->SpeedCtrl_User_Func_f(motor);
 261              		.loc 1 27 5 view .LVU71
  27:Bsp/Motor/motor.c ****         motor->SpeedCtrl_User_Func_f(motor);
 262              		.loc 1 27 14 is_stmt 0 view .LVU72
 263 002c D4F81835 		ldr	r3, [r4, #1304]
  27:Bsp/Motor/motor.c ****         motor->SpeedCtrl_User_Func_f(motor);
 264              		.loc 1 27 8 view .LVU73
 265 0030 0BB1     		cbz	r3, .L9
  28:Bsp/Motor/motor.c **** 
 266              		.loc 1 28 9 is_stmt 1 view .LVU74
 267 0032 2046     		mov	r0, r4
 268 0034 9847     		blx	r3
 269              	.LVL18:
 270              	.L9:
  30:Bsp/Motor/motor.c ****     motor->Output = float_constrain(motor->Output, -motor->Max_Out, motor->Max_Out);
 271              		.loc 1 30 5 view .LVU75
  30:Bsp/Motor/motor.c ****     motor->Output = float_constrain(motor->Output, -motor->Max_Out, motor->Max_Out);
 272              		.loc 1 30 40 is_stmt 0 view .LVU76
 273 0036 94EDF40A 		vldr.32	s0, [r4, #976]
  30:Bsp/Motor/motor.c ****     motor->Output = float_constrain(motor->Output, -motor->Max_Out, motor->Max_Out);
 274              		.loc 1 30 69 view .LVU77
 275 003a D4ED587A 		vldr.32	s15, [r4, #352]
  30:Bsp/Motor/motor.c ****     motor->Output = float_constrain(motor->Output, -motor->Max_Out, motor->Max_Out);
 276              		.loc 1 30 48 view .LVU78
 277 003e 30EE270A 		vadd.f32	s0, s0, s15
  30:Bsp/Motor/motor.c ****     motor->Output = float_constrain(motor->Output, -motor->Max_Out, motor->Max_Out);
 278              		.loc 1 30 90 view .LVU79
 279 0042 04F20453 		addw	r3, r4, #1284
 280 0046 D3ED007A 		vldr.32	s15, [r3]
  30:Bsp/Motor/motor.c ****     motor->Output = float_constrain(motor->Output, -motor->Max_Out, motor->Max_Out);
 281              		.loc 1 30 77 view .LVU80
 282 004a 30EE670A 		vsub.f32	s0, s0, s15
  30:Bsp/Motor/motor.c ****     motor->Output = float_constrain(motor->Output, -motor->Max_Out, motor->Max_Out);
 283              		.loc 1 30 19 view .LVU81
 284 004e 84ED160A 		vstr.32	s0, [r4, #88]
  31:Bsp/Motor/motor.c ****     return motor->Output;
 285              		.loc 1 31 5 is_stmt 1 view .LVU82
  31:Bsp/Motor/motor.c ****     return motor->Output;
 286              		.loc 1 31 58 is_stmt 0 view .LVU83
 287 0052 94ED171A 		vldr.32	s2, [r4, #92]
  31:Bsp/Motor/motor.c ****     return motor->Output;
 288              		.loc 1 31 21 view .LVU84
 289 0056 F1EE410A 		vneg.f32	s1, s2
 290 005a FFF7FEFF 		bl	float_constrain
 291              	.LVL19:
  31:Bsp/Motor/motor.c ****     return motor->Output;
ARM GAS  C:\Users\LENOVO\AppData\Local\Temp\ccvbX031.s 			page 9


 292              		.loc 1 31 19 discriminator 1 view .LVU85
 293 005e 84ED160A 		vstr.32	s0, [r4, #88]
  32:Bsp/Motor/motor.c **** }
 294              		.loc 1 32 5 is_stmt 1 view .LVU86
  33:Bsp/Motor/motor.c **** 
 295              		.loc 1 33 1 is_stmt 0 view .LVU87
 296 0062 BDEC028B 		vldm	sp!, {d8}
 297              	.LCFI9:
 298              		.cfi_restore 80
 299              		.cfi_restore 81
 300              		.cfi_def_cfa_offset 8
 301              	.LVL20:
  33:Bsp/Motor/motor.c **** 
 302              		.loc 1 33 1 view .LVU88
 303 0066 10BD     		pop	{r4, pc}
  33:Bsp/Motor/motor.c **** 
 304              		.loc 1 33 1 view .LVU89
 305              		.cfi_endproc
 306              	.LFE169:
 308              		.section	.text.Motor_Angle_Calculate,"ax",%progbits
 309              		.align	1
 310              		.global	Motor_Angle_Calculate
 311              		.syntax unified
 312              		.thumb
 313              		.thumb_func
 315              	Motor_Angle_Calculate:
 316              	.LVL21:
 317              	.LFB170:
  36:Bsp/Motor/motor.c ****     Feedforward_Calculate(&motor->FFC_Angle, target_angle);
 318              		.loc 1 36 1 is_stmt 1 view -0
 319              		.cfi_startproc
 320              		@ args = 0, pretend = 0, frame = 0
 321              		@ frame_needed = 0, uses_anonymous_args = 0
  36:Bsp/Motor/motor.c ****     Feedforward_Calculate(&motor->FFC_Angle, target_angle);
 322              		.loc 1 36 1 is_stmt 0 view .LVU91
 323 0000 10B5     		push	{r4, lr}
 324              	.LCFI10:
 325              		.cfi_def_cfa_offset 8
 326              		.cfi_offset 4, -8
 327              		.cfi_offset 14, -4
 328 0002 2DED048B 		vpush.64	{d8, d9}
 329              	.LCFI11:
 330              		.cfi_def_cfa_offset 24
 331              		.cfi_offset 80, -24
 332              		.cfi_offset 81, -20
 333              		.cfi_offset 82, -16
 334              		.cfi_offset 83, -12
 335 0006 0446     		mov	r4, r0
 336 0008 B0EE409A 		vmov.f32	s18, s0
 337 000c F0EE608A 		vmov.f32	s17, s1
 338 0010 B0EE418A 		vmov.f32	s16, s2
  37:Bsp/Motor/motor.c ****     PID_Calculate(&motor->PID_Angle, angle, target_angle);
 339              		.loc 1 37 5 is_stmt 1 view .LVU92
 340 0014 B0EE410A 		vmov.f32	s0, s2
 341              	.LVL22:
  37:Bsp/Motor/motor.c ****     PID_Calculate(&motor->PID_Angle, angle, target_angle);
 342              		.loc 1 37 5 is_stmt 0 view .LVU93
ARM GAS  C:\Users\LENOVO\AppData\Local\Temp\ccvbX031.s 			page 10


 343 0018 00F57670 		add	r0, r0, #984
 344              	.LVL23:
  37:Bsp/Motor/motor.c ****     PID_Calculate(&motor->PID_Angle, angle, target_angle);
 345              		.loc 1 37 5 view .LVU94
 346 001c FFF7FEFF 		bl	Feedforward_Calculate
 347              	.LVL24:
  38:Bsp/Motor/motor.c **** 
 348              		.loc 1 38 5 is_stmt 1 view .LVU95
 349 0020 F0EE480A 		vmov.f32	s1, s16
 350 0024 B0EE490A 		vmov.f32	s0, s18
 351 0028 04F5F470 		add	r0, r4, #488
 352 002c FFF7FEFF 		bl	PID_Calculate
 353              	.LVL25:
  40:Bsp/Motor/motor.c ****         motor->AngleCtrl_User_Func_f(motor);
 354              		.loc 1 40 5 view .LVU96
  40:Bsp/Motor/motor.c ****         motor->AngleCtrl_User_Func_f(motor);
 355              		.loc 1 40 14 is_stmt 0 view .LVU97
 356 0030 D4F81C35 		ldr	r3, [r4, #1308]
  40:Bsp/Motor/motor.c ****         motor->AngleCtrl_User_Func_f(motor);
 357              		.loc 1 40 8 view .LVU98
 358 0034 0BB1     		cbz	r3, .L12
  41:Bsp/Motor/motor.c **** 
 359              		.loc 1 41 9 is_stmt 1 view .LVU99
 360 0036 2046     		mov	r0, r4
 361 0038 9847     		blx	r3
 362              	.LVL26:
 363              	.L12:
  43:Bsp/Motor/motor.c ****     return motor->Output;
 364              		.loc 1 43 5 view .LVU100
  43:Bsp/Motor/motor.c ****     return motor->Output;
 365              		.loc 1 43 60 is_stmt 0 view .LVU101
 366 003a 04F58D63 		add	r3, r4, #1128
 367 003e D3ED000A 		vldr.32	s1, [r3]
  43:Bsp/Motor/motor.c ****     return motor->Output;
 368              		.loc 1 43 86 view .LVU102
 369 0042 D4ED887A 		vldr.32	s15, [r4, #544]
  43:Bsp/Motor/motor.c ****     return motor->Output;
 370              		.loc 1 43 5 view .LVU103
 371 0046 70EEA70A 		vadd.f32	s1, s1, s15
 372 004a B0EE680A 		vmov.f32	s0, s17
 373 004e 2046     		mov	r0, r4
 374 0050 FFF7FEFF 		bl	Motor_Speed_Calculate
 375              	.LVL27:
  44:Bsp/Motor/motor.c **** }
 376              		.loc 1 44 5 is_stmt 1 view .LVU104
  45:Bsp/Motor/motor.c **** 
 377              		.loc 1 45 1 is_stmt 0 view .LVU105
 378 0054 94ED160A 		vldr.32	s0, [r4, #88]
 379 0058 BDEC048B 		vldm	sp!, {d8-d9}
 380              	.LCFI12:
 381              		.cfi_restore 82
 382              		.cfi_restore 83
 383              		.cfi_restore 80
 384              		.cfi_restore 81
 385              		.cfi_def_cfa_offset 8
 386              	.LVL28:
  45:Bsp/Motor/motor.c **** 
ARM GAS  C:\Users\LENOVO\AppData\Local\Temp\ccvbX031.s 			page 11


 387              		.loc 1 45 1 view .LVU106
 388 005c 10BD     		pop	{r4, pc}
  45:Bsp/Motor/motor.c **** 
 389              		.loc 1 45 1 view .LVU107
 390              		.cfi_endproc
 391              	.LFE170:
 393              		.global	__aeabi_f2d
 394              		.global	__aeabi_dmul
 395              		.global	__aeabi_dadd
 396              		.global	__aeabi_d2f
 397              		.section	.text.get_moto_info,"ax",%progbits
 398              		.align	1
 399              		.global	get_moto_info
 400              		.syntax unified
 401              		.thumb
 402              		.thumb_func
 404              	get_moto_info:
 405              	.LVL29:
 406              	.LFB171:
  48:Bsp/Motor/motor.c ****     const float lpf = 2 * PI * 10 * 0.001 / (1 + 2 * PI * 10 * 0.001);
 407              		.loc 1 48 1 is_stmt 1 view -0
 408              		.cfi_startproc
 409              		@ args = 0, pretend = 0, frame = 0
 410              		@ frame_needed = 0, uses_anonymous_args = 0
  48:Bsp/Motor/motor.c ****     const float lpf = 2 * PI * 10 * 0.001 / (1 + 2 * PI * 10 * 0.001);
 411              		.loc 1 48 1 is_stmt 0 view .LVU109
 412 0000 D0B5     		push	{r4, r6, r7, lr}
 413              	.LCFI13:
 414              		.cfi_def_cfa_offset 16
 415              		.cfi_offset 4, -16
 416              		.cfi_offset 6, -12
 417              		.cfi_offset 7, -8
 418              		.cfi_offset 14, -4
 419 0002 0446     		mov	r4, r0
  49:Bsp/Motor/motor.c **** 
 420              		.loc 1 49 5 is_stmt 1 view .LVU110
 421              	.LVL30:
  51:Bsp/Motor/motor.c ****     {
 422              		.loc 1 51 5 view .LVU111
  51:Bsp/Motor/motor.c ****     {
 423              		.loc 1 51 12 is_stmt 0 view .LVU112
 424 0004 437D     		ldrb	r3, [r0, #21]	@ zero_extendqisi2
  51:Bsp/Motor/motor.c ****     {
 425              		.loc 1 51 8 view .LVU113
 426 0006 012B     		cmp	r3, #1
 427 0008 00F09280 		beq	.L15
  53:Bsp/Motor/motor.c ****         ptr->Velocity_RPM = (int16_t)(aData[2] << 8 | aData[3]);
 428              		.loc 1 53 9 is_stmt 1 view .LVU114
  53:Bsp/Motor/motor.c ****         ptr->Velocity_RPM = (int16_t)(aData[2] << 8 | aData[3]);
 429              		.loc 1 53 41 is_stmt 0 view .LVU115
 430 000c 0A78     		ldrb	r2, [r1]	@ zero_extendqisi2
  53:Bsp/Motor/motor.c ****         ptr->Velocity_RPM = (int16_t)(aData[2] << 8 | aData[3]);
 431              		.loc 1 53 57 view .LVU116
 432 000e 4B78     		ldrb	r3, [r1, #1]	@ zero_extendqisi2
  53:Bsp/Motor/motor.c ****         ptr->Velocity_RPM = (int16_t)(aData[2] << 8 | aData[3]);
 433              		.loc 1 53 25 view .LVU117
 434 0010 43EA0223 		orr	r3, r3, r2, lsl #8
ARM GAS  C:\Users\LENOVO\AppData\Local\Temp\ccvbX031.s 			page 12


  53:Bsp/Motor/motor.c ****         ptr->Velocity_RPM = (int16_t)(aData[2] << 8 | aData[3]);
 435              		.loc 1 53 23 view .LVU118
 436 0014 0385     		strh	r3, [r0, #40]	@ movhi
  54:Bsp/Motor/motor.c ****     }
 437              		.loc 1 54 9 is_stmt 1 view .LVU119
  54:Bsp/Motor/motor.c ****     }
 438              		.loc 1 54 44 is_stmt 0 view .LVU120
 439 0016 8A78     		ldrb	r2, [r1, #2]	@ zero_extendqisi2
  54:Bsp/Motor/motor.c ****     }
 440              		.loc 1 54 60 view .LVU121
 441 0018 CB78     		ldrb	r3, [r1, #3]	@ zero_extendqisi2
  54:Bsp/Motor/motor.c ****     }
 442              		.loc 1 54 29 view .LVU122
 443 001a 43EA0223 		orr	r3, r3, r2, lsl #8
 444 001e 1BB2     		sxth	r3, r3
  54:Bsp/Motor/motor.c ****     }
 445              		.loc 1 54 27 view .LVU123
 446 0020 07EE903A 		vmov	s15, r3	@ int
 447 0024 F8EEE77A 		vcvt.f32.s32	s15, s15
 448 0028 C0ED027A 		vstr.32	s15, [r0, #8]
 449              	.L16:
  62:Bsp/Motor/motor.c ****     {
 450              		.loc 1 62 5 is_stmt 1 view .LVU124
  62:Bsp/Motor/motor.c ****     {
 451              		.loc 1 62 12 is_stmt 0 view .LVU125
 452 002c 94F83C30 		ldrb	r3, [r4, #60]	@ zero_extendqisi2
  62:Bsp/Motor/motor.c ****     {
 453              		.loc 1 62 8 view .LVU126
 454 0030 23B9     		cbnz	r3, .L17
  64:Bsp/Motor/motor.c ****         ptr->last_Velocity_RPM = (float)(ptr->Velocity_RPM);
 455              		.loc 1 64 9 is_stmt 1 view .LVU127
  64:Bsp/Motor/motor.c ****         ptr->last_Velocity_RPM = (float)(ptr->Velocity_RPM);
 456              		.loc 1 64 23 is_stmt 0 view .LVU128
 457 0032 0123     		movs	r3, #1
 458 0034 84F83C30 		strb	r3, [r4, #60]
  65:Bsp/Motor/motor.c ****     }
 459              		.loc 1 65 9 is_stmt 1 view .LVU129
  65:Bsp/Motor/motor.c ****     }
 460              		.loc 1 65 34 is_stmt 0 view .LVU130
 461 0038 A368     		ldr	r3, [r4, #8]	@ float
  65:Bsp/Motor/motor.c ****     }
 462              		.loc 1 65 32 view .LVU131
 463 003a A363     		str	r3, [r4, #56]	@ float
 464              	.L17:
  68:Bsp/Motor/motor.c ****         ptr->OutputVel_RadPS = ptr->Velocity_RPM * 0.10471975511965f / ptr->ReductionRatio;
 465              		.loc 1 68 5 is_stmt 1 view .LVU132
  68:Bsp/Motor/motor.c ****         ptr->OutputVel_RadPS = ptr->Velocity_RPM * 0.10471975511965f / ptr->ReductionRatio;
 466              		.loc 1 68 12 is_stmt 0 view .LVU133
 467 003c D4ED007A 		vldr.32	s15, [r4]
  68:Bsp/Motor/motor.c ****         ptr->OutputVel_RadPS = ptr->Velocity_RPM * 0.10471975511965f / ptr->ReductionRatio;
 468              		.loc 1 68 8 view .LVU134
 469 0040 9FED4B7A 		vldr.32	s14, .L24+8
 470 0044 F4EEC77A 		vcmpe.f32	s15, s14
 471 0048 F1EE10FA 		vmrs	APSR_nzcv, FPSCR
 472 004c 09DD     		ble	.L18
  69:Bsp/Motor/motor.c **** 
 473              		.loc 1 69 9 is_stmt 1 view .LVU135
ARM GAS  C:\Users\LENOVO\AppData\Local\Temp\ccvbX031.s 			page 13


  69:Bsp/Motor/motor.c **** 
 474              		.loc 1 69 35 is_stmt 0 view .LVU136
 475 004e 94ED027A 		vldr.32	s14, [r4, #8]
  69:Bsp/Motor/motor.c **** 
 476              		.loc 1 69 50 view .LVU137
 477 0052 DFED486A 		vldr.32	s13, .L24+12
 478 0056 27EE267A 		vmul.f32	s14, s14, s13
  69:Bsp/Motor/motor.c **** 
 479              		.loc 1 69 70 view .LVU138
 480 005a C7EE276A 		vdiv.f32	s13, s14, s15
  69:Bsp/Motor/motor.c **** 
 481              		.loc 1 69 30 view .LVU139
 482 005e C4ED016A 		vstr.32	s13, [r4, #4]
 483              	.L18:
  71:Bsp/Motor/motor.c ****     ptr->Temperature = aData[6];
 484              		.loc 1 71 5 is_stmt 1 view .LVU140
  71:Bsp/Motor/motor.c ****     ptr->Temperature = aData[6];
 485              		.loc 1 71 35 is_stmt 0 view .LVU141
 486 0062 0A79     		ldrb	r2, [r1, #4]	@ zero_extendqisi2
  71:Bsp/Motor/motor.c ****     ptr->Temperature = aData[6];
 487              		.loc 1 71 51 view .LVU142
 488 0064 4B79     		ldrb	r3, [r1, #5]	@ zero_extendqisi2
  71:Bsp/Motor/motor.c ****     ptr->Temperature = aData[6];
 489              		.loc 1 71 20 view .LVU143
 490 0066 43EA0223 		orr	r3, r3, r2, lsl #8
 491 006a 1BB2     		sxth	r3, r3
 492 006c 07EE903A 		vmov	s15, r3	@ int
  71:Bsp/Motor/motor.c ****     ptr->Temperature = aData[6];
 493              		.loc 1 71 56 view .LVU144
 494 0070 F8EEE77A 		vcvt.f32.s32	s15, s15
 495 0074 B3EE047A 		vmov.f32	s14, #2.0e+1
 496 0078 67EE877A 		vmul.f32	s15, s15, s14
  71:Bsp/Motor/motor.c ****     ptr->Temperature = aData[6];
 497              		.loc 1 71 64 view .LVU145
 498 007c 9FED3E7A 		vldr.32	s14, .L24+16
 499 0080 67EE877A 		vmul.f32	s15, s15, s14
  71:Bsp/Motor/motor.c ****     ptr->Temperature = aData[6];
 500              		.loc 1 71 18 view .LVU146
 501 0084 C4ED047A 		vstr.32	s15, [r4, #16]
  72:Bsp/Motor/motor.c ****     ptr->Torque = TORQUE_CONSTANT * (1 / REDUCTION_RATIO) * ptr->Current;
 502              		.loc 1 72 5 is_stmt 1 view .LVU147
  72:Bsp/Motor/motor.c ****     ptr->Torque = TORQUE_CONSTANT * (1 / REDUCTION_RATIO) * ptr->Current;
 503              		.loc 1 72 22 is_stmt 0 view .LVU148
 504 0088 8B79     		ldrb	r3, [r1, #6]	@ zero_extendqisi2
 505 008a 2375     		strb	r3, [r4, #20]
  73:Bsp/Motor/motor.c ****     ptr->Velocity_Rad = ptr->Velocity_RPM / 9.55f;
 506              		.loc 1 73 5 is_stmt 1 view .LVU149
  73:Bsp/Motor/motor.c ****     ptr->Velocity_Rad = ptr->Velocity_RPM / 9.55f;
 507              		.loc 1 73 59 is_stmt 0 view .LVU150
 508 008c 9FED3B7A 		vldr.32	s14, .L24+20
 509 0090 67EE877A 		vmul.f32	s15, s15, s14
  73:Bsp/Motor/motor.c ****     ptr->Velocity_Rad = ptr->Velocity_RPM / 9.55f;
 510              		.loc 1 73 17 view .LVU151
 511 0094 C4ED0C7A 		vstr.32	s15, [r4, #48]
  74:Bsp/Motor/motor.c ****     ptr->Velocity_RPM = lpf * (float)(ptr->Velocity_RPM) + (1.0 - lpf) * ptr->last_Velocity_RPM;
 512              		.loc 1 74 5 is_stmt 1 view .LVU152
  74:Bsp/Motor/motor.c ****     ptr->Velocity_RPM = lpf * (float)(ptr->Velocity_RPM) + (1.0 - lpf) * ptr->last_Velocity_RPM;
ARM GAS  C:\Users\LENOVO\AppData\Local\Temp\ccvbX031.s 			page 14


 513              		.loc 1 74 28 is_stmt 0 view .LVU153
 514 0098 D4ED027A 		vldr.32	s15, [r4, #8]
  74:Bsp/Motor/motor.c ****     ptr->Velocity_RPM = lpf * (float)(ptr->Velocity_RPM) + (1.0 - lpf) * ptr->last_Velocity_RPM;
 515              		.loc 1 74 43 view .LVU154
 516 009c DFED386A 		vldr.32	s13, .L24+24
 517 00a0 87EEA67A 		vdiv.f32	s14, s15, s13
  74:Bsp/Motor/motor.c ****     ptr->Velocity_RPM = lpf * (float)(ptr->Velocity_RPM) + (1.0 - lpf) * ptr->last_Velocity_RPM;
 518              		.loc 1 74 23 view .LVU155
 519 00a4 84ED0B7A 		vstr.32	s14, [r4, #44]
  75:Bsp/Motor/motor.c **** 
 520              		.loc 1 75 5 is_stmt 1 view .LVU156
  75:Bsp/Motor/motor.c **** 
 521              		.loc 1 75 29 is_stmt 0 view .LVU157
 522 00a8 9FED367A 		vldr.32	s14, .L24+28
 523 00ac 67EE877A 		vmul.f32	s15, s15, s14
 524 00b0 17EE900A 		vmov	r0, s15
 525              	.LVL31:
  75:Bsp/Motor/motor.c **** 
 526              		.loc 1 75 29 view .LVU158
 527 00b4 FFF7FEFF 		bl	__aeabi_f2d
 528              	.LVL32:
  75:Bsp/Motor/motor.c **** 
 529              		.loc 1 75 29 view .LVU159
 530 00b8 0646     		mov	r6, r0
 531 00ba 0F46     		mov	r7, r1
  75:Bsp/Motor/motor.c **** 
 532              		.loc 1 75 77 view .LVU160
 533 00bc A06B     		ldr	r0, [r4, #56]	@ float
 534 00be FFF7FEFF 		bl	__aeabi_f2d
 535              	.LVL33:
  75:Bsp/Motor/motor.c **** 
 536              		.loc 1 75 72 view .LVU161
 537 00c2 29A3     		adr	r3, .L24
 538 00c4 D3E90023 		ldrd	r2, [r3]
 539 00c8 FFF7FEFF 		bl	__aeabi_dmul
 540              	.LVL34:
 541 00cc 0246     		mov	r2, r0
 542 00ce 0B46     		mov	r3, r1
  75:Bsp/Motor/motor.c **** 
 543              		.loc 1 75 58 view .LVU162
 544 00d0 3046     		mov	r0, r6
 545 00d2 3946     		mov	r1, r7
 546 00d4 FFF7FEFF 		bl	__aeabi_dadd
 547              	.LVL35:
 548 00d8 FFF7FEFF 		bl	__aeabi_d2f
 549              	.LVL36:
  75:Bsp/Motor/motor.c **** 
 550              		.loc 1 75 23 view .LVU163
 551 00dc A060     		str	r0, [r4, #8]	@ float
  77:Bsp/Motor/motor.c ****         ptr->round_cnt--;
 552              		.loc 1 77 5 is_stmt 1 view .LVU164
  77:Bsp/Motor/motor.c ****         ptr->round_cnt--;
 553              		.loc 1 77 12 is_stmt 0 view .LVU165
 554 00de 238D     		ldrh	r3, [r4, #40]
  77:Bsp/Motor/motor.c ****         ptr->round_cnt--;
 555              		.loc 1 77 28 view .LVU166
 556 00e0 628D     		ldrh	r2, [r4, #42]
ARM GAS  C:\Users\LENOVO\AppData\Local\Temp\ccvbX031.s 			page 15


  77:Bsp/Motor/motor.c ****         ptr->round_cnt--;
 557              		.loc 1 77 23 view .LVU167
 558 00e2 9A1A     		subs	r2, r3, r2
  77:Bsp/Motor/motor.c ****         ptr->round_cnt--;
 559              		.loc 1 77 8 view .LVU168
 560 00e4 B2F5805F 		cmp	r2, #4096
 561 00e8 37DD     		ble	.L20
  78:Bsp/Motor/motor.c ****     else if (ptr->RawAngle - ptr->last_angle < -4096)
 562              		.loc 1 78 9 is_stmt 1 view .LVU169
  78:Bsp/Motor/motor.c ****     else if (ptr->RawAngle - ptr->last_angle < -4096)
 563              		.loc 1 78 12 is_stmt 0 view .LVU170
 564 00ea 626C     		ldr	r2, [r4, #68]
  78:Bsp/Motor/motor.c ****     else if (ptr->RawAngle - ptr->last_angle < -4096)
 565              		.loc 1 78 23 view .LVU171
 566 00ec 013A     		subs	r2, r2, #1
 567 00ee 6264     		str	r2, [r4, #68]
 568              	.L21:
  82:Bsp/Motor/motor.c ****     ptr->AngleInDegree = ptr->Angle * 0.0439507f;
 569              		.loc 1 82 5 is_stmt 1 view .LVU172
  82:Bsp/Motor/motor.c ****     ptr->AngleInDegree = ptr->Angle * 0.0439507f;
 570              		.loc 1 82 58 is_stmt 0 view .LVU173
 571 00f0 B4F84C20 		ldrh	r2, [r4, #76]
  82:Bsp/Motor/motor.c ****     ptr->AngleInDegree = ptr->Angle * 0.0439507f;
 572              		.loc 1 82 53 view .LVU174
 573 00f4 9B1A     		subs	r3, r3, r2
 574 00f6 00EE103A 		vmov	s0, r3	@ int
  82:Bsp/Motor/motor.c ****     ptr->AngleInDegree = ptr->Angle * 0.0439507f;
 575              		.loc 1 82 18 view .LVU175
 576 00fa 9FED231A 		vldr.32	s2, .L24+32
 577 00fe DFED230A 		vldr.32	s1, .L24+36
 578 0102 B8EEC00A 		vcvt.f32.s32	s0, s0
 579 0106 FFF7FEFF 		bl	loop_float_constrain
 580              	.LVL37:
  82:Bsp/Motor/motor.c ****     ptr->AngleInDegree = ptr->Angle * 0.0439507f;
 581              		.loc 1 82 16 discriminator 1 view .LVU176
 582 010a 84ED070A 		vstr.32	s0, [r4, #28]
  83:Bsp/Motor/motor.c ****     ptr->total_angle = ptr->round_cnt * 8192 + ptr->RawAngle - ptr->offset_angle;
 583              		.loc 1 83 5 is_stmt 1 view .LVU177
  83:Bsp/Motor/motor.c ****     ptr->total_angle = ptr->round_cnt * 8192 + ptr->RawAngle - ptr->offset_angle;
 584              		.loc 1 83 37 is_stmt 0 view .LVU178
 585 010e DFED207A 		vldr.32	s15, .L24+40
 586 0112 20EE270A 		vmul.f32	s0, s0, s15
  83:Bsp/Motor/motor.c ****     ptr->total_angle = ptr->round_cnt * 8192 + ptr->RawAngle - ptr->offset_angle;
 587              		.loc 1 83 24 view .LVU179
 588 0116 84ED090A 		vstr.32	s0, [r4, #36]
  84:Bsp/Motor/motor.c ****     ptr->last_angle = ptr->RawAngle;
 589              		.loc 1 84 5 is_stmt 1 view .LVU180
  84:Bsp/Motor/motor.c ****     ptr->last_angle = ptr->RawAngle;
 590              		.loc 1 84 27 is_stmt 0 view .LVU181
 591 011a 636C     		ldr	r3, [r4, #68]
  84:Bsp/Motor/motor.c ****     ptr->last_angle = ptr->RawAngle;
 592              		.loc 1 84 51 view .LVU182
 593 011c 228D     		ldrh	r2, [r4, #40]
  84:Bsp/Motor/motor.c ****     ptr->last_angle = ptr->RawAngle;
 594              		.loc 1 84 46 view .LVU183
 595 011e 02EB4333 		add	r3, r2, r3, lsl #13
  84:Bsp/Motor/motor.c ****     ptr->last_angle = ptr->RawAngle;
ARM GAS  C:\Users\LENOVO\AppData\Local\Temp\ccvbX031.s 			page 16


 596              		.loc 1 84 67 view .LVU184
 597 0122 216C     		ldr	r1, [r4, #64]
  84:Bsp/Motor/motor.c ****     ptr->last_angle = ptr->RawAngle;
 598              		.loc 1 84 62 view .LVU185
 599 0124 5B1A     		subs	r3, r3, r1
  84:Bsp/Motor/motor.c ****     ptr->last_angle = ptr->RawAngle;
 600              		.loc 1 84 22 view .LVU186
 601 0126 A364     		str	r3, [r4, #72]
  85:Bsp/Motor/motor.c ****     ptr->last_Velocity_RPM = (float)(ptr->Velocity_RPM);
 602              		.loc 1 85 5 is_stmt 1 view .LVU187
  85:Bsp/Motor/motor.c ****     ptr->last_Velocity_RPM = (float)(ptr->Velocity_RPM);
 603              		.loc 1 85 21 is_stmt 0 view .LVU188
 604 0128 6285     		strh	r2, [r4, #42]	@ movhi
  86:Bsp/Motor/motor.c **** }
 605              		.loc 1 86 5 is_stmt 1 view .LVU189
  86:Bsp/Motor/motor.c **** }
 606              		.loc 1 86 30 is_stmt 0 view .LVU190
 607 012a A368     		ldr	r3, [r4, #8]	@ float
  86:Bsp/Motor/motor.c **** }
 608              		.loc 1 86 28 view .LVU191
 609 012c A363     		str	r3, [r4, #56]	@ float
  87:Bsp/Motor/motor.c **** 
 610              		.loc 1 87 1 view .LVU192
 611 012e D0BD     		pop	{r4, r6, r7, pc}
 612              	.LVL38:
 613              	.L15:
  58:Bsp/Motor/motor.c ****         ptr->Velocity_RPM = -(int16_t)(aData[2] << 8 | aData[3]);
 614              		.loc 1 58 9 is_stmt 1 view .LVU193
  58:Bsp/Motor/motor.c ****         ptr->Velocity_RPM = -(int16_t)(aData[2] << 8 | aData[3]);
 615              		.loc 1 58 48 is_stmt 0 view .LVU194
 616 0130 0A78     		ldrb	r2, [r1]	@ zero_extendqisi2
  58:Bsp/Motor/motor.c ****         ptr->Velocity_RPM = -(int16_t)(aData[2] << 8 | aData[3]);
 617              		.loc 1 58 64 view .LVU195
 618 0132 4B78     		ldrb	r3, [r1, #1]	@ zero_extendqisi2
  58:Bsp/Motor/motor.c ****         ptr->Velocity_RPM = -(int16_t)(aData[2] << 8 | aData[3]);
 619              		.loc 1 58 32 view .LVU196
 620 0134 43EA0223 		orr	r3, r3, r2, lsl #8
  58:Bsp/Motor/motor.c ****         ptr->Velocity_RPM = -(int16_t)(aData[2] << 8 | aData[3]);
 621              		.loc 1 58 30 view .LVU197
 622 0138 C3F5FF53 		rsb	r3, r3, #8160
 623 013c 1F33     		adds	r3, r3, #31
  58:Bsp/Motor/motor.c ****         ptr->Velocity_RPM = -(int16_t)(aData[2] << 8 | aData[3]);
 624              		.loc 1 58 23 view .LVU198
 625 013e 0385     		strh	r3, [r0, #40]	@ movhi
  59:Bsp/Motor/motor.c ****     }
 626              		.loc 1 59 9 is_stmt 1 view .LVU199
  59:Bsp/Motor/motor.c ****     }
 627              		.loc 1 59 45 is_stmt 0 view .LVU200
 628 0140 8A78     		ldrb	r2, [r1, #2]	@ zero_extendqisi2
  59:Bsp/Motor/motor.c ****     }
 629              		.loc 1 59 61 view .LVU201
 630 0142 CB78     		ldrb	r3, [r1, #3]	@ zero_extendqisi2
  59:Bsp/Motor/motor.c ****     }
 631              		.loc 1 59 30 view .LVU202
 632 0144 43EA0223 		orr	r3, r3, r2, lsl #8
 633 0148 1BB2     		sxth	r3, r3
  59:Bsp/Motor/motor.c ****     }
ARM GAS  C:\Users\LENOVO\AppData\Local\Temp\ccvbX031.s 			page 17


 634              		.loc 1 59 29 view .LVU203
 635 014a 5B42     		rsbs	r3, r3, #0
  59:Bsp/Motor/motor.c ****     }
 636              		.loc 1 59 27 view .LVU204
 637 014c 07EE903A 		vmov	s15, r3	@ int
 638 0150 F8EEE77A 		vcvt.f32.s32	s15, s15
 639 0154 C0ED027A 		vstr.32	s15, [r0, #8]
 640 0158 68E7     		b	.L16
 641              	.LVL39:
 642              	.L20:
  79:Bsp/Motor/motor.c ****         ptr->round_cnt++;
 643              		.loc 1 79 10 is_stmt 1 view .LVU205
  79:Bsp/Motor/motor.c ****         ptr->round_cnt++;
 644              		.loc 1 79 13 is_stmt 0 view .LVU206
 645 015a 12F5805F 		cmn	r2, #4096
 646 015e C7DA     		bge	.L21
  80:Bsp/Motor/motor.c **** 
 647              		.loc 1 80 9 is_stmt 1 view .LVU207
  80:Bsp/Motor/motor.c **** 
 648              		.loc 1 80 12 is_stmt 0 view .LVU208
 649 0160 626C     		ldr	r2, [r4, #68]
  80:Bsp/Motor/motor.c **** 
 650              		.loc 1 80 23 view .LVU209
 651 0162 0132     		adds	r2, r2, #1
 652 0164 6264     		str	r2, [r4, #68]
 653 0166 C3E7     		b	.L21
 654              	.L25:
 655              		.align	3
 656              	.L24:
 657 0168 000000D4 		.word	-738197504
 658 016c B51BEE3F 		.word	1072569269
 659 0170 BD378635 		.word	897988541
 660 0174 5077D63D 		.word	1037465424
 661 0178 00008038 		.word	947912704
 662 017c C5F57F3C 		.word	1015018949
 663 0180 CDCC1841 		.word	1092144333
 664 0184 1625723D 		.word	1030890774
 665 0188 00008045 		.word	1166016512
 666 018c 00F07FC5 		.word	-981471232
 667 0190 A605343D 		.word	1026819494
 668              		.cfi_endproc
 669              	.LFE171:
 671              		.section	.text.get_moto_offset,"ax",%progbits
 672              		.align	1
 673              		.global	get_moto_offset
 674              		.syntax unified
 675              		.thumb
 676              		.thumb_func
 678              	get_moto_offset:
 679              	.LVL40:
 680              	.LFB172:
  90:Bsp/Motor/motor.c ****     ptr->RawAngle = (uint16_t)(aData[0] << 8 | aData[1]);
 681              		.loc 1 90 1 is_stmt 1 view -0
 682              		.cfi_startproc
 683              		@ args = 0, pretend = 0, frame = 0
 684              		@ frame_needed = 0, uses_anonymous_args = 0
 685              		@ link register save eliminated.
ARM GAS  C:\Users\LENOVO\AppData\Local\Temp\ccvbX031.s 			page 18


  91:Bsp/Motor/motor.c ****     ptr->offset_angle = ptr->RawAngle;
 686              		.loc 1 91 5 view .LVU211
  91:Bsp/Motor/motor.c ****     ptr->offset_angle = ptr->RawAngle;
 687              		.loc 1 91 37 is_stmt 0 view .LVU212
 688 0000 0A78     		ldrb	r2, [r1]	@ zero_extendqisi2
  91:Bsp/Motor/motor.c ****     ptr->offset_angle = ptr->RawAngle;
 689              		.loc 1 91 53 view .LVU213
 690 0002 4B78     		ldrb	r3, [r1, #1]	@ zero_extendqisi2
  91:Bsp/Motor/motor.c ****     ptr->offset_angle = ptr->RawAngle;
 691              		.loc 1 91 21 view .LVU214
 692 0004 43EA0223 		orr	r3, r3, r2, lsl #8
  91:Bsp/Motor/motor.c ****     ptr->offset_angle = ptr->RawAngle;
 693              		.loc 1 91 19 view .LVU215
 694 0008 0385     		strh	r3, [r0, #40]	@ movhi
  92:Bsp/Motor/motor.c ****     ptr->last_angle = ptr->RawAngle;
 695              		.loc 1 92 5 is_stmt 1 view .LVU216
  92:Bsp/Motor/motor.c ****     ptr->last_angle = ptr->RawAngle;
 696              		.loc 1 92 23 is_stmt 0 view .LVU217
 697 000a 0364     		str	r3, [r0, #64]
  93:Bsp/Motor/motor.c **** }
 698              		.loc 1 93 5 is_stmt 1 view .LVU218
  93:Bsp/Motor/motor.c **** }
 699              		.loc 1 93 21 is_stmt 0 view .LVU219
 700 000c 4385     		strh	r3, [r0, #42]	@ movhi
  94:Bsp/Motor/motor.c **** 
 701              		.loc 1 94 1 view .LVU220
 702 000e 7047     		bx	lr
 703              		.cfi_endproc
 704              	.LFE172:
 706              		.section	.text.Send_Motor_Current_1_4,"ax",%progbits
 707              		.align	1
 708              		.global	Send_Motor_Current_1_4
 709              		.syntax unified
 710              		.thumb
 711              		.thumb_func
 713              	Send_Motor_Current_1_4:
 714              	.LVL41:
 715              	.LFB174:
 112:Bsp/Motor/motor.c **** 
 113:Bsp/Motor/motor.c **** HAL_StatusTypeDef Send_Motor_Current_1_4(CAN_HandleTypeDef *_hcan,
 114:Bsp/Motor/motor.c ****                                          int16_t c1, int16_t c2, int16_t c3, int16_t c4)
 115:Bsp/Motor/motor.c **** {
 716              		.loc 1 115 1 is_stmt 1 view -0
 717              		.cfi_startproc
 718              		@ args = 4, pretend = 0, frame = 0
 719              		@ frame_needed = 0, uses_anonymous_args = 0
 720              		.loc 1 115 1 is_stmt 0 view .LVU222
 721 0000 10B5     		push	{r4, lr}
 722              	.LCFI14:
 723              		.cfi_def_cfa_offset 8
 724              		.cfi_offset 4, -8
 725              		.cfi_offset 14, -4
 726 0002 82B0     		sub	sp, sp, #8
 727              	.LCFI15:
 728              		.cfi_def_cfa_offset 16
 116:Bsp/Motor/motor.c ****     return Send_Motor_Current(_hcan, CAN_Transmit_1_4_ID, c1, c2, c3, c4);
 729              		.loc 1 116 5 is_stmt 1 view .LVU223
ARM GAS  C:\Users\LENOVO\AppData\Local\Temp\ccvbX031.s 			page 19


 730              		.loc 1 116 12 is_stmt 0 view .LVU224
 731 0004 BDF91040 		ldrsh	r4, [sp, #16]
 732 0008 0194     		str	r4, [sp, #4]
 733 000a 0093     		str	r3, [sp]
 734 000c 1346     		mov	r3, r2
 735              	.LVL42:
 736              		.loc 1 116 12 view .LVU225
 737 000e 0A46     		mov	r2, r1
 738              	.LVL43:
 739              		.loc 1 116 12 view .LVU226
 740 0010 4FF40071 		mov	r1, #512
 741              	.LVL44:
 742              		.loc 1 116 12 view .LVU227
 743 0014 FFF7FEFF 		bl	Send_Motor_Current
 744              	.LVL45:
 117:Bsp/Motor/motor.c **** }
 745              		.loc 1 117 1 view .LVU228
 746 0018 02B0     		add	sp, sp, #8
 747              	.LCFI16:
 748              		.cfi_def_cfa_offset 8
 749              		@ sp needed
 750 001a 10BD     		pop	{r4, pc}
 751              		.loc 1 117 1 view .LVU229
 752              		.cfi_endproc
 753              	.LFE174:
 755              		.section	.text.Send_Motor_Current_5_8,"ax",%progbits
 756              		.align	1
 757              		.global	Send_Motor_Current_5_8
 758              		.syntax unified
 759              		.thumb
 760              		.thumb_func
 762              	Send_Motor_Current_5_8:
 763              	.LVL46:
 764              	.LFB175:
 118:Bsp/Motor/motor.c **** 
 119:Bsp/Motor/motor.c **** HAL_StatusTypeDef Send_Motor_Current_5_8(CAN_HandleTypeDef *_hcan,
 120:Bsp/Motor/motor.c ****                                          int16_t c1, int16_t c2, int16_t c3, int16_t c4)
 121:Bsp/Motor/motor.c **** {
 765              		.loc 1 121 1 is_stmt 1 view -0
 766              		.cfi_startproc
 767              		@ args = 4, pretend = 0, frame = 0
 768              		@ frame_needed = 0, uses_anonymous_args = 0
 769              		.loc 1 121 1 is_stmt 0 view .LVU231
 770 0000 10B5     		push	{r4, lr}
 771              	.LCFI17:
 772              		.cfi_def_cfa_offset 8
 773              		.cfi_offset 4, -8
 774              		.cfi_offset 14, -4
 775 0002 82B0     		sub	sp, sp, #8
 776              	.LCFI18:
 777              		.cfi_def_cfa_offset 16
 122:Bsp/Motor/motor.c ****     return Send_Motor_Current(_hcan, CAN_Transmit_5_8_ID, c1, c2, c3, c4);
 778              		.loc 1 122 5 is_stmt 1 view .LVU232
 779              		.loc 1 122 12 is_stmt 0 view .LVU233
 780 0004 BDF91040 		ldrsh	r4, [sp, #16]
 781 0008 0194     		str	r4, [sp, #4]
 782 000a 0093     		str	r3, [sp]
ARM GAS  C:\Users\LENOVO\AppData\Local\Temp\ccvbX031.s 			page 20


 783 000c 1346     		mov	r3, r2
 784              	.LVL47:
 785              		.loc 1 122 12 view .LVU234
 786 000e 0A46     		mov	r2, r1
 787              	.LVL48:
 788              		.loc 1 122 12 view .LVU235
 789 0010 40F2FF11 		movw	r1, #511
 790              	.LVL49:
 791              		.loc 1 122 12 view .LVU236
 792 0014 FFF7FEFF 		bl	Send_Motor_Current
 793              	.LVL50:
 123:Bsp/Motor/motor.c **** }
 794              		.loc 1 123 1 view .LVU237
 795 0018 02B0     		add	sp, sp, #8
 796              	.LCFI19:
 797              		.cfi_def_cfa_offset 8
 798              		@ sp needed
 799 001a 10BD     		pop	{r4, pc}
 800              		.loc 1 123 1 view .LVU238
 801              		.cfi_endproc
 802              	.LFE175:
 804              		.text
 805              	.Letext0:
 806              		.file 2 "C:/msys64/mingw64/arm-none-eabi/include/machine/_default_types.h"
 807              		.file 3 "C:/msys64/mingw64/arm-none-eabi/include/sys/_stdint.h"
 808              		.file 4 "Drivers/CMSIS/Device/ST/STM32F4xx/Include/stm32f407xx.h"
 809              		.file 5 "Drivers/CMSIS/Device/ST/STM32F4xx/Include/stm32f4xx.h"
 810              		.file 6 "Drivers/STM32F4xx_HAL_Driver/Inc/stm32f4xx_hal_def.h"
 811              		.file 7 "Drivers/STM32F4xx_HAL_Driver/Inc/stm32f4xx_hal_can.h"
 812              		.file 8 "Middlewares/Algorithm/Include/user_lib.h"
 813              		.file 9 "Middlewares/Controller/controller.h"
 814              		.file 10 "Bsp/Motor/motor.h"
 815              		.file 11 "Bsp/MCU/bsp_CAN.h"
ARM GAS  C:\Users\LENOVO\AppData\Local\Temp\ccvbX031.s 			page 21


DEFINED SYMBOLS
                            *ABS*:00000000 motor.c
C:\Users\LENOVO\AppData\Local\Temp\ccvbX031.s:21     .text.Send_Motor_Current:00000000 $t
C:\Users\LENOVO\AppData\Local\Temp\ccvbX031.s:26     .text.Send_Motor_Current:00000000 Send_Motor_Current
C:\Users\LENOVO\AppData\Local\Temp\ccvbX031.s:96     .text.Motor_Torque_Calculate:00000000 $t
C:\Users\LENOVO\AppData\Local\Temp\ccvbX031.s:102    .text.Motor_Torque_Calculate:00000000 Motor_Torque_Calculate
C:\Users\LENOVO\AppData\Local\Temp\ccvbX031.s:219    .text.Motor_Speed_Calculate:00000000 $t
C:\Users\LENOVO\AppData\Local\Temp\ccvbX031.s:225    .text.Motor_Speed_Calculate:00000000 Motor_Speed_Calculate
C:\Users\LENOVO\AppData\Local\Temp\ccvbX031.s:309    .text.Motor_Angle_Calculate:00000000 $t
C:\Users\LENOVO\AppData\Local\Temp\ccvbX031.s:315    .text.Motor_Angle_Calculate:00000000 Motor_Angle_Calculate
C:\Users\LENOVO\AppData\Local\Temp\ccvbX031.s:398    .text.get_moto_info:00000000 $t
C:\Users\LENOVO\AppData\Local\Temp\ccvbX031.s:404    .text.get_moto_info:00000000 get_moto_info
C:\Users\LENOVO\AppData\Local\Temp\ccvbX031.s:657    .text.get_moto_info:00000168 $d
C:\Users\LENOVO\AppData\Local\Temp\ccvbX031.s:672    .text.get_moto_offset:00000000 $t
C:\Users\LENOVO\AppData\Local\Temp\ccvbX031.s:678    .text.get_moto_offset:00000000 get_moto_offset
C:\Users\LENOVO\AppData\Local\Temp\ccvbX031.s:707    .text.Send_Motor_Current_1_4:00000000 $t
C:\Users\LENOVO\AppData\Local\Temp\ccvbX031.s:713    .text.Send_Motor_Current_1_4:00000000 Send_Motor_Current_1_4
C:\Users\LENOVO\AppData\Local\Temp\ccvbX031.s:756    .text.Send_Motor_Current_5_8:00000000 $t
C:\Users\LENOVO\AppData\Local\Temp\ccvbX031.s:762    .text.Send_Motor_Current_5_8:00000000 Send_Motor_Current_5_8

UNDEFINED SYMBOLS
CAN_Send_Data
Feedforward_Calculate
PID_Calculate
float_constrain
__aeabi_f2d
__aeabi_dmul
__aeabi_dadd
__aeabi_d2f
loop_float_constrain
