ARM GAS  C:\Users\LENOVO\AppData\Local\Temp\ccCDeRya.s 			page 1


   1              		.cpu cortex-m4
   2              		.arch armv7e-m
   3              		.fpu fpv4-sp-d16
   4              		.eabi_attribute 27, 1
   5              		.eabi_attribute 28, 1
   6              		.eabi_attribute 20, 1
   7              		.eabi_attribute 21, 1
   8              		.eabi_attribute 23, 3
   9              		.eabi_attribute 24, 1
  10              		.eabi_attribute 25, 1
  11              		.eabi_attribute 26, 1
  12              		.eabi_attribute 30, 1
  13              		.eabi_attribute 34, 1
  14              		.eabi_attribute 18, 4
  15              		.file	"stm32f4xx_hal_iwdg.c"
  16              		.text
  17              	.Ltext0:
  18              		.cfi_sections	.debug_frame
  19              		.file 1 "Drivers/STM32F4xx_HAL_Driver/Src/stm32f4xx_hal_iwdg.c"
  20              		.section	.text.HAL_IWDG_Init,"ax",%progbits
  21              		.align	1
  22              		.global	HAL_IWDG_Init
  23              		.syntax unified
  24              		.thumb
  25              		.thumb_func
  27              	HAL_IWDG_Init:
  28              	.LVL0:
  29              	.LFB130:
   1:Drivers/STM32F4xx_HAL_Driver/Src/stm32f4xx_hal_iwdg.c **** /**
   2:Drivers/STM32F4xx_HAL_Driver/Src/stm32f4xx_hal_iwdg.c ****   ******************************************************************************
   3:Drivers/STM32F4xx_HAL_Driver/Src/stm32f4xx_hal_iwdg.c ****   * @file    stm32f4xx_hal_iwdg.c
   4:Drivers/STM32F4xx_HAL_Driver/Src/stm32f4xx_hal_iwdg.c ****   * @author  MCD Application Team
   5:Drivers/STM32F4xx_HAL_Driver/Src/stm32f4xx_hal_iwdg.c ****   * @brief   IWDG HAL module driver.
   6:Drivers/STM32F4xx_HAL_Driver/Src/stm32f4xx_hal_iwdg.c ****   *          This file provides firmware functions to manage the following
   7:Drivers/STM32F4xx_HAL_Driver/Src/stm32f4xx_hal_iwdg.c ****   *          functionalities of the Independent Watchdog (IWDG) peripheral:
   8:Drivers/STM32F4xx_HAL_Driver/Src/stm32f4xx_hal_iwdg.c ****   *           + Initialization and Start functions
   9:Drivers/STM32F4xx_HAL_Driver/Src/stm32f4xx_hal_iwdg.c ****   *           + IO operation functions
  10:Drivers/STM32F4xx_HAL_Driver/Src/stm32f4xx_hal_iwdg.c ****   *
  11:Drivers/STM32F4xx_HAL_Driver/Src/stm32f4xx_hal_iwdg.c ****   @verbatim
  12:Drivers/STM32F4xx_HAL_Driver/Src/stm32f4xx_hal_iwdg.c ****   ==============================================================================
  13:Drivers/STM32F4xx_HAL_Driver/Src/stm32f4xx_hal_iwdg.c ****                     ##### IWDG Generic features #####
  14:Drivers/STM32F4xx_HAL_Driver/Src/stm32f4xx_hal_iwdg.c ****   ==============================================================================
  15:Drivers/STM32F4xx_HAL_Driver/Src/stm32f4xx_hal_iwdg.c ****   [..]
  16:Drivers/STM32F4xx_HAL_Driver/Src/stm32f4xx_hal_iwdg.c ****     (+) The IWDG can be started by either software or hardware (configurable
  17:Drivers/STM32F4xx_HAL_Driver/Src/stm32f4xx_hal_iwdg.c ****         through option byte).
  18:Drivers/STM32F4xx_HAL_Driver/Src/stm32f4xx_hal_iwdg.c **** 
  19:Drivers/STM32F4xx_HAL_Driver/Src/stm32f4xx_hal_iwdg.c ****     (+) The IWDG is clocked by Low-Speed clock (LSI) and thus stays active even
  20:Drivers/STM32F4xx_HAL_Driver/Src/stm32f4xx_hal_iwdg.c ****         if the main clock fails.
  21:Drivers/STM32F4xx_HAL_Driver/Src/stm32f4xx_hal_iwdg.c **** 
  22:Drivers/STM32F4xx_HAL_Driver/Src/stm32f4xx_hal_iwdg.c ****     (+) Once the IWDG is started, the LSI is forced ON and both can not be
  23:Drivers/STM32F4xx_HAL_Driver/Src/stm32f4xx_hal_iwdg.c ****         disabled. The counter starts counting down from the reset value (0xFFF).
  24:Drivers/STM32F4xx_HAL_Driver/Src/stm32f4xx_hal_iwdg.c ****         When it reaches the end of count value (0x000) a reset signal is
  25:Drivers/STM32F4xx_HAL_Driver/Src/stm32f4xx_hal_iwdg.c ****         generated (IWDG reset).
  26:Drivers/STM32F4xx_HAL_Driver/Src/stm32f4xx_hal_iwdg.c **** 
  27:Drivers/STM32F4xx_HAL_Driver/Src/stm32f4xx_hal_iwdg.c ****     (+) Whenever the key value 0x0000 AAAA is written in the IWDG_KR register,
  28:Drivers/STM32F4xx_HAL_Driver/Src/stm32f4xx_hal_iwdg.c ****         the IWDG_RLR value is reloaded in the counter and the watchdog reset is
  29:Drivers/STM32F4xx_HAL_Driver/Src/stm32f4xx_hal_iwdg.c ****         prevented.
ARM GAS  C:\Users\LENOVO\AppData\Local\Temp\ccCDeRya.s 			page 2


  30:Drivers/STM32F4xx_HAL_Driver/Src/stm32f4xx_hal_iwdg.c **** 
  31:Drivers/STM32F4xx_HAL_Driver/Src/stm32f4xx_hal_iwdg.c ****     (+) The IWDG is implemented in the VDD voltage domain that is still functional
  32:Drivers/STM32F4xx_HAL_Driver/Src/stm32f4xx_hal_iwdg.c ****         in STOP and STANDBY mode (IWDG reset can wake-up from STANDBY).
  33:Drivers/STM32F4xx_HAL_Driver/Src/stm32f4xx_hal_iwdg.c ****         IWDGRST flag in RCC_CSR register can be used to inform when an IWDG
  34:Drivers/STM32F4xx_HAL_Driver/Src/stm32f4xx_hal_iwdg.c ****         reset occurs.
  35:Drivers/STM32F4xx_HAL_Driver/Src/stm32f4xx_hal_iwdg.c **** 
  36:Drivers/STM32F4xx_HAL_Driver/Src/stm32f4xx_hal_iwdg.c ****     (+) Debug mode : When the microcontroller enters debug mode (core halted),
  37:Drivers/STM32F4xx_HAL_Driver/Src/stm32f4xx_hal_iwdg.c ****         the IWDG counter either continues to work normally or stops, depending
  38:Drivers/STM32F4xx_HAL_Driver/Src/stm32f4xx_hal_iwdg.c ****         on DBG_IWDG_STOP configuration bit in DBG module, accessible through
  39:Drivers/STM32F4xx_HAL_Driver/Src/stm32f4xx_hal_iwdg.c ****         __HAL_DBGMCU_FREEZE_IWDG() and __HAL_DBGMCU_UNFREEZE_IWDG() macros.
  40:Drivers/STM32F4xx_HAL_Driver/Src/stm32f4xx_hal_iwdg.c **** 
  41:Drivers/STM32F4xx_HAL_Driver/Src/stm32f4xx_hal_iwdg.c ****     [..] Min-max timeout value @32KHz (LSI): ~125us / ~32.7s
  42:Drivers/STM32F4xx_HAL_Driver/Src/stm32f4xx_hal_iwdg.c ****          The IWDG timeout may vary due to LSI frequency dispersion. STM32F4xx
  43:Drivers/STM32F4xx_HAL_Driver/Src/stm32f4xx_hal_iwdg.c ****          devices provide the capability to measure the LSI frequency (LSI clock
  44:Drivers/STM32F4xx_HAL_Driver/Src/stm32f4xx_hal_iwdg.c ****          connected internally to TIM5 CH4 input capture). The measured value
  45:Drivers/STM32F4xx_HAL_Driver/Src/stm32f4xx_hal_iwdg.c ****          can be used to have an IWDG timeout with an acceptable accuracy.
  46:Drivers/STM32F4xx_HAL_Driver/Src/stm32f4xx_hal_iwdg.c **** 
  47:Drivers/STM32F4xx_HAL_Driver/Src/stm32f4xx_hal_iwdg.c ****                      ##### How to use this driver #####
  48:Drivers/STM32F4xx_HAL_Driver/Src/stm32f4xx_hal_iwdg.c ****   ==============================================================================
  49:Drivers/STM32F4xx_HAL_Driver/Src/stm32f4xx_hal_iwdg.c ****   [..]
  50:Drivers/STM32F4xx_HAL_Driver/Src/stm32f4xx_hal_iwdg.c ****     (#) Use IWDG using HAL_IWDG_Init() function to :
  51:Drivers/STM32F4xx_HAL_Driver/Src/stm32f4xx_hal_iwdg.c ****       (++) Enable instance by writing Start keyword in IWDG_KEY register. LSI
  52:Drivers/STM32F4xx_HAL_Driver/Src/stm32f4xx_hal_iwdg.c ****            clock is forced ON and IWDG counter starts counting down.
  53:Drivers/STM32F4xx_HAL_Driver/Src/stm32f4xx_hal_iwdg.c ****       (++) Enable write access to configuration registers:
  54:Drivers/STM32F4xx_HAL_Driver/Src/stm32f4xx_hal_iwdg.c ****           IWDG_PR and IWDG_RLR.
  55:Drivers/STM32F4xx_HAL_Driver/Src/stm32f4xx_hal_iwdg.c ****       (++) Configure the IWDG prescaler and counter reload value. This reload
  56:Drivers/STM32F4xx_HAL_Driver/Src/stm32f4xx_hal_iwdg.c ****            value will be loaded in the IWDG counter each time the watchdog is
  57:Drivers/STM32F4xx_HAL_Driver/Src/stm32f4xx_hal_iwdg.c ****            reloaded, then the IWDG will start counting down from this value.
  58:Drivers/STM32F4xx_HAL_Driver/Src/stm32f4xx_hal_iwdg.c ****       (++) Wait for status flags to be reset.
  59:Drivers/STM32F4xx_HAL_Driver/Src/stm32f4xx_hal_iwdg.c **** 
  60:Drivers/STM32F4xx_HAL_Driver/Src/stm32f4xx_hal_iwdg.c ****     (#) Then the application program must refresh the IWDG counter at regular
  61:Drivers/STM32F4xx_HAL_Driver/Src/stm32f4xx_hal_iwdg.c ****         intervals during normal operation to prevent an MCU reset, using
  62:Drivers/STM32F4xx_HAL_Driver/Src/stm32f4xx_hal_iwdg.c ****         HAL_IWDG_Refresh() function.
  63:Drivers/STM32F4xx_HAL_Driver/Src/stm32f4xx_hal_iwdg.c **** 
  64:Drivers/STM32F4xx_HAL_Driver/Src/stm32f4xx_hal_iwdg.c ****      *** IWDG HAL driver macros list ***
  65:Drivers/STM32F4xx_HAL_Driver/Src/stm32f4xx_hal_iwdg.c ****      ====================================
  66:Drivers/STM32F4xx_HAL_Driver/Src/stm32f4xx_hal_iwdg.c ****      [..]
  67:Drivers/STM32F4xx_HAL_Driver/Src/stm32f4xx_hal_iwdg.c ****        Below the list of most used macros in IWDG HAL driver:
  68:Drivers/STM32F4xx_HAL_Driver/Src/stm32f4xx_hal_iwdg.c ****       (+) __HAL_IWDG_START: Enable the IWDG peripheral
  69:Drivers/STM32F4xx_HAL_Driver/Src/stm32f4xx_hal_iwdg.c ****       (+) __HAL_IWDG_RELOAD_COUNTER: Reloads IWDG counter with value defined in
  70:Drivers/STM32F4xx_HAL_Driver/Src/stm32f4xx_hal_iwdg.c ****           the reload register
  71:Drivers/STM32F4xx_HAL_Driver/Src/stm32f4xx_hal_iwdg.c **** 
  72:Drivers/STM32F4xx_HAL_Driver/Src/stm32f4xx_hal_iwdg.c ****   @endverbatim
  73:Drivers/STM32F4xx_HAL_Driver/Src/stm32f4xx_hal_iwdg.c ****   ******************************************************************************
  74:Drivers/STM32F4xx_HAL_Driver/Src/stm32f4xx_hal_iwdg.c ****   * @attention
  75:Drivers/STM32F4xx_HAL_Driver/Src/stm32f4xx_hal_iwdg.c ****   *
  76:Drivers/STM32F4xx_HAL_Driver/Src/stm32f4xx_hal_iwdg.c ****   * <h2><center>&copy; Copyright (c) 2016 STMicroelectronics.
  77:Drivers/STM32F4xx_HAL_Driver/Src/stm32f4xx_hal_iwdg.c ****   * All rights reserved.</center></h2>
  78:Drivers/STM32F4xx_HAL_Driver/Src/stm32f4xx_hal_iwdg.c ****   *
  79:Drivers/STM32F4xx_HAL_Driver/Src/stm32f4xx_hal_iwdg.c ****   * This software component is licensed by ST under BSD 3-Clause license,
  80:Drivers/STM32F4xx_HAL_Driver/Src/stm32f4xx_hal_iwdg.c ****   * the "License"; You may not use this file except in compliance with the
  81:Drivers/STM32F4xx_HAL_Driver/Src/stm32f4xx_hal_iwdg.c ****   * License. You may obtain a copy of the License at:
  82:Drivers/STM32F4xx_HAL_Driver/Src/stm32f4xx_hal_iwdg.c ****   *                        opensource.org/licenses/BSD-3-Clause
  83:Drivers/STM32F4xx_HAL_Driver/Src/stm32f4xx_hal_iwdg.c ****   *
  84:Drivers/STM32F4xx_HAL_Driver/Src/stm32f4xx_hal_iwdg.c ****   ******************************************************************************
  85:Drivers/STM32F4xx_HAL_Driver/Src/stm32f4xx_hal_iwdg.c ****   */
  86:Drivers/STM32F4xx_HAL_Driver/Src/stm32f4xx_hal_iwdg.c **** 
ARM GAS  C:\Users\LENOVO\AppData\Local\Temp\ccCDeRya.s 			page 3


  87:Drivers/STM32F4xx_HAL_Driver/Src/stm32f4xx_hal_iwdg.c **** /* Includes ------------------------------------------------------------------*/
  88:Drivers/STM32F4xx_HAL_Driver/Src/stm32f4xx_hal_iwdg.c **** #include "stm32f4xx_hal.h"
  89:Drivers/STM32F4xx_HAL_Driver/Src/stm32f4xx_hal_iwdg.c **** 
  90:Drivers/STM32F4xx_HAL_Driver/Src/stm32f4xx_hal_iwdg.c **** /** @addtogroup STM32F4xx_HAL_Driver
  91:Drivers/STM32F4xx_HAL_Driver/Src/stm32f4xx_hal_iwdg.c ****   * @{
  92:Drivers/STM32F4xx_HAL_Driver/Src/stm32f4xx_hal_iwdg.c ****   */
  93:Drivers/STM32F4xx_HAL_Driver/Src/stm32f4xx_hal_iwdg.c **** 
  94:Drivers/STM32F4xx_HAL_Driver/Src/stm32f4xx_hal_iwdg.c **** #ifdef HAL_IWDG_MODULE_ENABLED
  95:Drivers/STM32F4xx_HAL_Driver/Src/stm32f4xx_hal_iwdg.c **** /** @addtogroup IWDG
  96:Drivers/STM32F4xx_HAL_Driver/Src/stm32f4xx_hal_iwdg.c ****   * @brief IWDG HAL module driver.
  97:Drivers/STM32F4xx_HAL_Driver/Src/stm32f4xx_hal_iwdg.c ****   * @{
  98:Drivers/STM32F4xx_HAL_Driver/Src/stm32f4xx_hal_iwdg.c ****   */
  99:Drivers/STM32F4xx_HAL_Driver/Src/stm32f4xx_hal_iwdg.c **** 
 100:Drivers/STM32F4xx_HAL_Driver/Src/stm32f4xx_hal_iwdg.c **** /* Private typedef -----------------------------------------------------------*/
 101:Drivers/STM32F4xx_HAL_Driver/Src/stm32f4xx_hal_iwdg.c **** /* Private define ------------------------------------------------------------*/
 102:Drivers/STM32F4xx_HAL_Driver/Src/stm32f4xx_hal_iwdg.c **** /** @defgroup IWDG_Private_Defines IWDG Private Defines
 103:Drivers/STM32F4xx_HAL_Driver/Src/stm32f4xx_hal_iwdg.c ****   * @{
 104:Drivers/STM32F4xx_HAL_Driver/Src/stm32f4xx_hal_iwdg.c ****   */
 105:Drivers/STM32F4xx_HAL_Driver/Src/stm32f4xx_hal_iwdg.c **** /* Status register need 5 RC LSI divided by prescaler clock to be updated. With
 106:Drivers/STM32F4xx_HAL_Driver/Src/stm32f4xx_hal_iwdg.c ****    higher prescaler (256), and according to LSI variation, we need to wait at
 107:Drivers/STM32F4xx_HAL_Driver/Src/stm32f4xx_hal_iwdg.c ****    least 6 cycles so 48 ms. */
 108:Drivers/STM32F4xx_HAL_Driver/Src/stm32f4xx_hal_iwdg.c **** #define HAL_IWDG_DEFAULT_TIMEOUT            48u
 109:Drivers/STM32F4xx_HAL_Driver/Src/stm32f4xx_hal_iwdg.c **** /**
 110:Drivers/STM32F4xx_HAL_Driver/Src/stm32f4xx_hal_iwdg.c ****   * @}
 111:Drivers/STM32F4xx_HAL_Driver/Src/stm32f4xx_hal_iwdg.c ****   */
 112:Drivers/STM32F4xx_HAL_Driver/Src/stm32f4xx_hal_iwdg.c **** 
 113:Drivers/STM32F4xx_HAL_Driver/Src/stm32f4xx_hal_iwdg.c **** /* Private macro -------------------------------------------------------------*/
 114:Drivers/STM32F4xx_HAL_Driver/Src/stm32f4xx_hal_iwdg.c **** /* Private variables ---------------------------------------------------------*/
 115:Drivers/STM32F4xx_HAL_Driver/Src/stm32f4xx_hal_iwdg.c **** /* Private function prototypes -----------------------------------------------*/
 116:Drivers/STM32F4xx_HAL_Driver/Src/stm32f4xx_hal_iwdg.c **** /* Exported functions --------------------------------------------------------*/
 117:Drivers/STM32F4xx_HAL_Driver/Src/stm32f4xx_hal_iwdg.c **** 
 118:Drivers/STM32F4xx_HAL_Driver/Src/stm32f4xx_hal_iwdg.c **** /** @addtogroup IWDG_Exported_Functions
 119:Drivers/STM32F4xx_HAL_Driver/Src/stm32f4xx_hal_iwdg.c ****   * @{
 120:Drivers/STM32F4xx_HAL_Driver/Src/stm32f4xx_hal_iwdg.c ****   */
 121:Drivers/STM32F4xx_HAL_Driver/Src/stm32f4xx_hal_iwdg.c **** 
 122:Drivers/STM32F4xx_HAL_Driver/Src/stm32f4xx_hal_iwdg.c **** /** @addtogroup IWDG_Exported_Functions_Group1
 123:Drivers/STM32F4xx_HAL_Driver/Src/stm32f4xx_hal_iwdg.c ****   *  @brief    Initialization and Start functions.
 124:Drivers/STM32F4xx_HAL_Driver/Src/stm32f4xx_hal_iwdg.c ****   *
 125:Drivers/STM32F4xx_HAL_Driver/Src/stm32f4xx_hal_iwdg.c **** @verbatim
 126:Drivers/STM32F4xx_HAL_Driver/Src/stm32f4xx_hal_iwdg.c ****  ===============================================================================
 127:Drivers/STM32F4xx_HAL_Driver/Src/stm32f4xx_hal_iwdg.c ****           ##### Initialization and Start functions #####
 128:Drivers/STM32F4xx_HAL_Driver/Src/stm32f4xx_hal_iwdg.c ****  ===============================================================================
 129:Drivers/STM32F4xx_HAL_Driver/Src/stm32f4xx_hal_iwdg.c ****  [..]  This section provides functions allowing to:
 130:Drivers/STM32F4xx_HAL_Driver/Src/stm32f4xx_hal_iwdg.c ****       (+) Initialize the IWDG according to the specified parameters in the
 131:Drivers/STM32F4xx_HAL_Driver/Src/stm32f4xx_hal_iwdg.c ****           IWDG_InitTypeDef of associated handle.
 132:Drivers/STM32F4xx_HAL_Driver/Src/stm32f4xx_hal_iwdg.c ****       (+) Once initialization is performed in HAL_IWDG_Init function, Watchdog
 133:Drivers/STM32F4xx_HAL_Driver/Src/stm32f4xx_hal_iwdg.c ****           is reloaded in order to exit function with correct time base.
 134:Drivers/STM32F4xx_HAL_Driver/Src/stm32f4xx_hal_iwdg.c **** 
 135:Drivers/STM32F4xx_HAL_Driver/Src/stm32f4xx_hal_iwdg.c **** @endverbatim
 136:Drivers/STM32F4xx_HAL_Driver/Src/stm32f4xx_hal_iwdg.c ****   * @{
 137:Drivers/STM32F4xx_HAL_Driver/Src/stm32f4xx_hal_iwdg.c ****   */
 138:Drivers/STM32F4xx_HAL_Driver/Src/stm32f4xx_hal_iwdg.c **** 
 139:Drivers/STM32F4xx_HAL_Driver/Src/stm32f4xx_hal_iwdg.c **** /**
 140:Drivers/STM32F4xx_HAL_Driver/Src/stm32f4xx_hal_iwdg.c ****   * @brief  Initialize the IWDG according to the specified parameters in the
 141:Drivers/STM32F4xx_HAL_Driver/Src/stm32f4xx_hal_iwdg.c ****   *         IWDG_InitTypeDef and start watchdog. Before exiting function,
 142:Drivers/STM32F4xx_HAL_Driver/Src/stm32f4xx_hal_iwdg.c ****   *         watchdog is refreshed in order to have correct time base.
 143:Drivers/STM32F4xx_HAL_Driver/Src/stm32f4xx_hal_iwdg.c ****   * @param  hiwdg  pointer to a IWDG_HandleTypeDef structure that contains
ARM GAS  C:\Users\LENOVO\AppData\Local\Temp\ccCDeRya.s 			page 4


 144:Drivers/STM32F4xx_HAL_Driver/Src/stm32f4xx_hal_iwdg.c ****   *                the configuration information for the specified IWDG module.
 145:Drivers/STM32F4xx_HAL_Driver/Src/stm32f4xx_hal_iwdg.c ****   * @retval HAL status
 146:Drivers/STM32F4xx_HAL_Driver/Src/stm32f4xx_hal_iwdg.c ****   */
 147:Drivers/STM32F4xx_HAL_Driver/Src/stm32f4xx_hal_iwdg.c **** HAL_StatusTypeDef HAL_IWDG_Init(IWDG_HandleTypeDef *hiwdg)
 148:Drivers/STM32F4xx_HAL_Driver/Src/stm32f4xx_hal_iwdg.c **** {
  30              		.loc 1 148 1 view -0
  31              		.cfi_startproc
  32              		@ args = 0, pretend = 0, frame = 0
  33              		@ frame_needed = 0, uses_anonymous_args = 0
 149:Drivers/STM32F4xx_HAL_Driver/Src/stm32f4xx_hal_iwdg.c ****   uint32_t tickstart;
  34              		.loc 1 149 3 view .LVU1
 150:Drivers/STM32F4xx_HAL_Driver/Src/stm32f4xx_hal_iwdg.c **** 
 151:Drivers/STM32F4xx_HAL_Driver/Src/stm32f4xx_hal_iwdg.c ****   /* Check the IWDG handle allocation */
 152:Drivers/STM32F4xx_HAL_Driver/Src/stm32f4xx_hal_iwdg.c ****   if (hiwdg == NULL)
  35              		.loc 1 152 3 view .LVU2
  36              		.loc 1 152 6 is_stmt 0 view .LVU3
  37 0000 08B3     		cbz	r0, .L5
 148:Drivers/STM32F4xx_HAL_Driver/Src/stm32f4xx_hal_iwdg.c ****   uint32_t tickstart;
  38              		.loc 1 148 1 view .LVU4
  39 0002 38B5     		push	{r3, r4, r5, lr}
  40              	.LCFI0:
  41              		.cfi_def_cfa_offset 16
  42              		.cfi_offset 3, -16
  43              		.cfi_offset 4, -12
  44              		.cfi_offset 5, -8
  45              		.cfi_offset 14, -4
  46 0004 0446     		mov	r4, r0
 153:Drivers/STM32F4xx_HAL_Driver/Src/stm32f4xx_hal_iwdg.c ****   {
 154:Drivers/STM32F4xx_HAL_Driver/Src/stm32f4xx_hal_iwdg.c ****     return HAL_ERROR;
 155:Drivers/STM32F4xx_HAL_Driver/Src/stm32f4xx_hal_iwdg.c ****   }
 156:Drivers/STM32F4xx_HAL_Driver/Src/stm32f4xx_hal_iwdg.c **** 
 157:Drivers/STM32F4xx_HAL_Driver/Src/stm32f4xx_hal_iwdg.c ****   /* Check the parameters */
 158:Drivers/STM32F4xx_HAL_Driver/Src/stm32f4xx_hal_iwdg.c ****   assert_param(IS_IWDG_ALL_INSTANCE(hiwdg->Instance));
  47              		.loc 1 158 3 is_stmt 1 view .LVU5
 159:Drivers/STM32F4xx_HAL_Driver/Src/stm32f4xx_hal_iwdg.c ****   assert_param(IS_IWDG_PRESCALER(hiwdg->Init.Prescaler));
  48              		.loc 1 159 3 view .LVU6
 160:Drivers/STM32F4xx_HAL_Driver/Src/stm32f4xx_hal_iwdg.c ****   assert_param(IS_IWDG_RELOAD(hiwdg->Init.Reload));
  49              		.loc 1 160 3 view .LVU7
 161:Drivers/STM32F4xx_HAL_Driver/Src/stm32f4xx_hal_iwdg.c **** 
 162:Drivers/STM32F4xx_HAL_Driver/Src/stm32f4xx_hal_iwdg.c ****   /* Enable IWDG. LSI is turned on automatically */
 163:Drivers/STM32F4xx_HAL_Driver/Src/stm32f4xx_hal_iwdg.c ****   __HAL_IWDG_START(hiwdg);
  50              		.loc 1 163 3 view .LVU8
  51 0006 0368     		ldr	r3, [r0]
  52 0008 4CF6CC42 		movw	r2, #52428
  53 000c 1A60     		str	r2, [r3]
 164:Drivers/STM32F4xx_HAL_Driver/Src/stm32f4xx_hal_iwdg.c **** 
 165:Drivers/STM32F4xx_HAL_Driver/Src/stm32f4xx_hal_iwdg.c ****   /* Enable write access to IWDG_PR and IWDG_RLR registers by writing
 166:Drivers/STM32F4xx_HAL_Driver/Src/stm32f4xx_hal_iwdg.c ****   0x5555 in KR */
 167:Drivers/STM32F4xx_HAL_Driver/Src/stm32f4xx_hal_iwdg.c ****   IWDG_ENABLE_WRITE_ACCESS(hiwdg);
  54              		.loc 1 167 3 view .LVU9
  55 000e 0368     		ldr	r3, [r0]
  56 0010 45F25552 		movw	r2, #21845
  57 0014 1A60     		str	r2, [r3]
 168:Drivers/STM32F4xx_HAL_Driver/Src/stm32f4xx_hal_iwdg.c **** 
 169:Drivers/STM32F4xx_HAL_Driver/Src/stm32f4xx_hal_iwdg.c ****   /* Write to IWDG registers the Prescaler & Reload values to work with */
 170:Drivers/STM32F4xx_HAL_Driver/Src/stm32f4xx_hal_iwdg.c ****   hiwdg->Instance->PR = hiwdg->Init.Prescaler;
  58              		.loc 1 170 3 view .LVU10
ARM GAS  C:\Users\LENOVO\AppData\Local\Temp\ccCDeRya.s 			page 5


  59              		.loc 1 170 8 is_stmt 0 view .LVU11
  60 0016 0368     		ldr	r3, [r0]
  61              		.loc 1 170 36 view .LVU12
  62 0018 4268     		ldr	r2, [r0, #4]
  63              		.loc 1 170 23 view .LVU13
  64 001a 5A60     		str	r2, [r3, #4]
 171:Drivers/STM32F4xx_HAL_Driver/Src/stm32f4xx_hal_iwdg.c ****   hiwdg->Instance->RLR = hiwdg->Init.Reload;
  65              		.loc 1 171 3 is_stmt 1 view .LVU14
  66              		.loc 1 171 8 is_stmt 0 view .LVU15
  67 001c 0368     		ldr	r3, [r0]
  68              		.loc 1 171 37 view .LVU16
  69 001e 8268     		ldr	r2, [r0, #8]
  70              		.loc 1 171 24 view .LVU17
  71 0020 9A60     		str	r2, [r3, #8]
 172:Drivers/STM32F4xx_HAL_Driver/Src/stm32f4xx_hal_iwdg.c **** 
 173:Drivers/STM32F4xx_HAL_Driver/Src/stm32f4xx_hal_iwdg.c ****   /* Check pending flag, if previous update not done, return timeout */
 174:Drivers/STM32F4xx_HAL_Driver/Src/stm32f4xx_hal_iwdg.c ****   tickstart = HAL_GetTick();
  72              		.loc 1 174 3 is_stmt 1 view .LVU18
  73              		.loc 1 174 15 is_stmt 0 view .LVU19
  74 0022 FFF7FEFF 		bl	HAL_GetTick
  75              	.LVL1:
  76              		.loc 1 174 15 view .LVU20
  77 0026 0546     		mov	r5, r0
  78              	.LVL2:
 175:Drivers/STM32F4xx_HAL_Driver/Src/stm32f4xx_hal_iwdg.c **** 
 176:Drivers/STM32F4xx_HAL_Driver/Src/stm32f4xx_hal_iwdg.c ****   /* Wait for register to be updated */
 177:Drivers/STM32F4xx_HAL_Driver/Src/stm32f4xx_hal_iwdg.c ****   while (hiwdg->Instance->SR != 0x00u)
  79              		.loc 1 177 3 is_stmt 1 view .LVU21
  80              	.L3:
  81              		.loc 1 177 30 view .LVU22
  82              		.loc 1 177 15 is_stmt 0 view .LVU23
  83 0028 2368     		ldr	r3, [r4]
  84              		.loc 1 177 25 view .LVU24
  85 002a DA68     		ldr	r2, [r3, #12]
  86              		.loc 1 177 30 view .LVU25
  87 002c 32B1     		cbz	r2, .L11
 178:Drivers/STM32F4xx_HAL_Driver/Src/stm32f4xx_hal_iwdg.c ****   {
 179:Drivers/STM32F4xx_HAL_Driver/Src/stm32f4xx_hal_iwdg.c ****     if ((HAL_GetTick() - tickstart) > HAL_IWDG_DEFAULT_TIMEOUT)
  88              		.loc 1 179 5 is_stmt 1 view .LVU26
  89              		.loc 1 179 10 is_stmt 0 view .LVU27
  90 002e FFF7FEFF 		bl	HAL_GetTick
  91              	.LVL3:
  92              		.loc 1 179 24 discriminator 1 view .LVU28
  93 0032 401B     		subs	r0, r0, r5
  94              		.loc 1 179 8 discriminator 1 view .LVU29
  95 0034 3028     		cmp	r0, #48
  96 0036 F7D9     		bls	.L3
 180:Drivers/STM32F4xx_HAL_Driver/Src/stm32f4xx_hal_iwdg.c ****     {
 181:Drivers/STM32F4xx_HAL_Driver/Src/stm32f4xx_hal_iwdg.c ****       return HAL_TIMEOUT;
  97              		.loc 1 181 14 view .LVU30
  98 0038 0320     		movs	r0, #3
  99 003a 03E0     		b	.L2
 100              	.L11:
 182:Drivers/STM32F4xx_HAL_Driver/Src/stm32f4xx_hal_iwdg.c ****     }
 183:Drivers/STM32F4xx_HAL_Driver/Src/stm32f4xx_hal_iwdg.c ****   }
 184:Drivers/STM32F4xx_HAL_Driver/Src/stm32f4xx_hal_iwdg.c **** 
 185:Drivers/STM32F4xx_HAL_Driver/Src/stm32f4xx_hal_iwdg.c ****   /* Reload IWDG counter with value defined in the reload register */
ARM GAS  C:\Users\LENOVO\AppData\Local\Temp\ccCDeRya.s 			page 6


 186:Drivers/STM32F4xx_HAL_Driver/Src/stm32f4xx_hal_iwdg.c ****   __HAL_IWDG_RELOAD_COUNTER(hiwdg);
 101              		.loc 1 186 3 is_stmt 1 view .LVU31
 102 003c 4AF6AA22 		movw	r2, #43690
 103 0040 1A60     		str	r2, [r3]
 187:Drivers/STM32F4xx_HAL_Driver/Src/stm32f4xx_hal_iwdg.c **** 
 188:Drivers/STM32F4xx_HAL_Driver/Src/stm32f4xx_hal_iwdg.c ****   /* Return function status */
 189:Drivers/STM32F4xx_HAL_Driver/Src/stm32f4xx_hal_iwdg.c ****   return HAL_OK;
 104              		.loc 1 189 3 view .LVU32
 105              		.loc 1 189 10 is_stmt 0 view .LVU33
 106 0042 0020     		movs	r0, #0
 107              	.L2:
 190:Drivers/STM32F4xx_HAL_Driver/Src/stm32f4xx_hal_iwdg.c **** }
 108              		.loc 1 190 1 view .LVU34
 109 0044 38BD     		pop	{r3, r4, r5, pc}
 110              	.LVL4:
 111              	.L5:
 112              	.LCFI1:
 113              		.cfi_def_cfa_offset 0
 114              		.cfi_restore 3
 115              		.cfi_restore 4
 116              		.cfi_restore 5
 117              		.cfi_restore 14
 154:Drivers/STM32F4xx_HAL_Driver/Src/stm32f4xx_hal_iwdg.c ****   }
 118              		.loc 1 154 12 view .LVU35
 119 0046 0120     		movs	r0, #1
 120              	.LVL5:
 121              		.loc 1 190 1 view .LVU36
 122 0048 7047     		bx	lr
 123              		.cfi_endproc
 124              	.LFE130:
 126              		.section	.text.HAL_IWDG_Refresh,"ax",%progbits
 127              		.align	1
 128              		.global	HAL_IWDG_Refresh
 129              		.syntax unified
 130              		.thumb
 131              		.thumb_func
 133              	HAL_IWDG_Refresh:
 134              	.LVL6:
 135              	.LFB131:
 191:Drivers/STM32F4xx_HAL_Driver/Src/stm32f4xx_hal_iwdg.c **** 
 192:Drivers/STM32F4xx_HAL_Driver/Src/stm32f4xx_hal_iwdg.c **** /**
 193:Drivers/STM32F4xx_HAL_Driver/Src/stm32f4xx_hal_iwdg.c ****   * @}
 194:Drivers/STM32F4xx_HAL_Driver/Src/stm32f4xx_hal_iwdg.c ****   */
 195:Drivers/STM32F4xx_HAL_Driver/Src/stm32f4xx_hal_iwdg.c **** 
 196:Drivers/STM32F4xx_HAL_Driver/Src/stm32f4xx_hal_iwdg.c **** 
 197:Drivers/STM32F4xx_HAL_Driver/Src/stm32f4xx_hal_iwdg.c **** /** @addtogroup IWDG_Exported_Functions_Group2
 198:Drivers/STM32F4xx_HAL_Driver/Src/stm32f4xx_hal_iwdg.c ****   *  @brief   IO operation functions
 199:Drivers/STM32F4xx_HAL_Driver/Src/stm32f4xx_hal_iwdg.c ****   *
 200:Drivers/STM32F4xx_HAL_Driver/Src/stm32f4xx_hal_iwdg.c **** @verbatim
 201:Drivers/STM32F4xx_HAL_Driver/Src/stm32f4xx_hal_iwdg.c ****  ===============================================================================
 202:Drivers/STM32F4xx_HAL_Driver/Src/stm32f4xx_hal_iwdg.c ****                       ##### IO operation functions #####
 203:Drivers/STM32F4xx_HAL_Driver/Src/stm32f4xx_hal_iwdg.c ****  ===============================================================================
 204:Drivers/STM32F4xx_HAL_Driver/Src/stm32f4xx_hal_iwdg.c ****  [..]  This section provides functions allowing to:
 205:Drivers/STM32F4xx_HAL_Driver/Src/stm32f4xx_hal_iwdg.c ****       (+) Refresh the IWDG.
 206:Drivers/STM32F4xx_HAL_Driver/Src/stm32f4xx_hal_iwdg.c **** 
 207:Drivers/STM32F4xx_HAL_Driver/Src/stm32f4xx_hal_iwdg.c **** @endverbatim
 208:Drivers/STM32F4xx_HAL_Driver/Src/stm32f4xx_hal_iwdg.c ****   * @{
ARM GAS  C:\Users\LENOVO\AppData\Local\Temp\ccCDeRya.s 			page 7


 209:Drivers/STM32F4xx_HAL_Driver/Src/stm32f4xx_hal_iwdg.c ****   */
 210:Drivers/STM32F4xx_HAL_Driver/Src/stm32f4xx_hal_iwdg.c **** 
 211:Drivers/STM32F4xx_HAL_Driver/Src/stm32f4xx_hal_iwdg.c **** 
 212:Drivers/STM32F4xx_HAL_Driver/Src/stm32f4xx_hal_iwdg.c **** /**
 213:Drivers/STM32F4xx_HAL_Driver/Src/stm32f4xx_hal_iwdg.c ****   * @brief  Refresh the IWDG.
 214:Drivers/STM32F4xx_HAL_Driver/Src/stm32f4xx_hal_iwdg.c ****   * @param  hiwdg  pointer to a IWDG_HandleTypeDef structure that contains
 215:Drivers/STM32F4xx_HAL_Driver/Src/stm32f4xx_hal_iwdg.c ****   *                the configuration information for the specified IWDG module.
 216:Drivers/STM32F4xx_HAL_Driver/Src/stm32f4xx_hal_iwdg.c ****   * @retval HAL status
 217:Drivers/STM32F4xx_HAL_Driver/Src/stm32f4xx_hal_iwdg.c ****   */
 218:Drivers/STM32F4xx_HAL_Driver/Src/stm32f4xx_hal_iwdg.c **** HAL_StatusTypeDef HAL_IWDG_Refresh(IWDG_HandleTypeDef *hiwdg)
 219:Drivers/STM32F4xx_HAL_Driver/Src/stm32f4xx_hal_iwdg.c **** {
 136              		.loc 1 219 1 is_stmt 1 view -0
 137              		.cfi_startproc
 138              		@ args = 0, pretend = 0, frame = 0
 139              		@ frame_needed = 0, uses_anonymous_args = 0
 140              		@ link register save eliminated.
 220:Drivers/STM32F4xx_HAL_Driver/Src/stm32f4xx_hal_iwdg.c ****   /* Reload IWDG counter with value defined in the reload register */
 221:Drivers/STM32F4xx_HAL_Driver/Src/stm32f4xx_hal_iwdg.c ****   __HAL_IWDG_RELOAD_COUNTER(hiwdg);
 141              		.loc 1 221 3 view .LVU38
 142 0000 0368     		ldr	r3, [r0]
 143 0002 4AF6AA22 		movw	r2, #43690
 144 0006 1A60     		str	r2, [r3]
 222:Drivers/STM32F4xx_HAL_Driver/Src/stm32f4xx_hal_iwdg.c **** 
 223:Drivers/STM32F4xx_HAL_Driver/Src/stm32f4xx_hal_iwdg.c ****   /* Return function status */
 224:Drivers/STM32F4xx_HAL_Driver/Src/stm32f4xx_hal_iwdg.c ****   return HAL_OK;
 145              		.loc 1 224 3 view .LVU39
 225:Drivers/STM32F4xx_HAL_Driver/Src/stm32f4xx_hal_iwdg.c **** }
 146              		.loc 1 225 1 is_stmt 0 view .LVU40
 147 0008 0020     		movs	r0, #0
 148              	.LVL7:
 149              		.loc 1 225 1 view .LVU41
 150 000a 7047     		bx	lr
 151              		.cfi_endproc
 152              	.LFE131:
 154              		.text
 155              	.Letext0:
 156              		.file 2 "C:/msys64/mingw64/arm-none-eabi/include/machine/_default_types.h"
 157              		.file 3 "C:/msys64/mingw64/arm-none-eabi/include/sys/_stdint.h"
 158              		.file 4 "Drivers/CMSIS/Device/ST/STM32F4xx/Include/stm32f407xx.h"
 159              		.file 5 "Drivers/STM32F4xx_HAL_Driver/Inc/stm32f4xx_hal_def.h"
 160              		.file 6 "Drivers/STM32F4xx_HAL_Driver/Inc/stm32f4xx_hal_iwdg.h"
 161              		.file 7 "Drivers/STM32F4xx_HAL_Driver/Inc/stm32f4xx_hal.h"
ARM GAS  C:\Users\LENOVO\AppData\Local\Temp\ccCDeRya.s 			page 8


DEFINED SYMBOLS
                            *ABS*:00000000 stm32f4xx_hal_iwdg.c
C:\Users\LENOVO\AppData\Local\Temp\ccCDeRya.s:21     .text.HAL_IWDG_Init:00000000 $t
C:\Users\LENOVO\AppData\Local\Temp\ccCDeRya.s:27     .text.HAL_IWDG_Init:00000000 HAL_IWDG_Init
C:\Users\LENOVO\AppData\Local\Temp\ccCDeRya.s:127    .text.HAL_IWDG_Refresh:00000000 $t
C:\Users\LENOVO\AppData\Local\Temp\ccCDeRya.s:133    .text.HAL_IWDG_Refresh:00000000 HAL_IWDG_Refresh

UNDEFINED SYMBOLS
HAL_GetTick
